State 0:
          mate_config ::= * decls
          decls ::= * decls decl
    (116) decls ::= *

                   mate_config accept
                         decls shift        1      
                     {default} reduce       116    decls ::=

State 1:
    (114) mate_config ::= decls *
          decls ::= decls * decl
          decl ::= * pdu_decl
          decl ::= * gop_decl
          decl ::= * gog_decl
          decl ::= * transform_decl
          decl ::= * defaults_decl
          decl ::= * debug_decl
          decl ::= * DONE_KW SEMICOLON
          debug_decl ::= * DEBUG_KW OPEN_BRACE dbgfile_default dbglevel_default pdu_dbglevel_default gop_dbglevel_default gog_dbglevel_default CLOSE_BRACE SEMICOLON
          defaults_decl ::= * DEFAULT_KW OPEN_BRACE pdu_defaults gop_defaults gog_defaults CLOSE_BRACE SEMICOLON
          transform_decl ::= * TRANSFORM_KW NAME transform_body SEMICOLON
          pdu_decl ::= * PDU_KW NAME PROTO_KW field TRANSPORT_KW proto_stack OPEN_BRACE payload_statement extraction_statements transform_list_statement criteria_statement pdu_drop_unassigned_statement discard_pdu_data_statement last_extracted_statement CLOSE_BRACE SEMICOLON
          gop_decl ::= * GOP_KW NAME ON_KW pdu_name MATCH_KW avpl OPEN_BRACE gop_start_statement gop_stop_statement extra_statement transform_list_statement gop_expiration_statement idle_timeout_statement lifetime_statement gop_drop_unassigned_statement show_goptree_statement show_times_statement CLOSE_BRACE SEMICOLON
          gog_decl ::= * GOG_KW NAME OPEN_BRACE gog_key_statements extra_statement transform_list_statement gog_expiration_statement gog_goptree_statement show_times_statement CLOSE_BRACE SEMICOLON

                             $ reduce       114    mate_config ::= decls
                       DONE_KW shift        182    
                      DEBUG_KW shift        181    
                        PDU_KW shift        138    
                        GOP_KW shift        126    
                        GOG_KW shift        111    
                    DEFAULT_KW shift        165    
                  TRANSFORM_KW shift        141    
                transform_decl shift-reduce 115    decls ::= decls decl  /* because transform_decl==decl */
                          decl shift-reduce 115    decls ::= decls decl
                      pdu_decl shift-reduce 115    decls ::= decls decl  /* because pdu_decl==decl */
                      gop_decl shift-reduce 115    decls ::= decls decl  /* because gop_decl==decl */
                      gog_decl shift-reduce 115    decls ::= decls decl  /* because gog_decl==decl */
                 defaults_decl shift-reduce 115    decls ::= decls decl  /* because defaults_decl==decl */
                    debug_decl shift-reduce 115    decls ::= decls decl  /* because debug_decl==decl */

State 2:
          transform_body ::= OPEN_BRACE * transform_statements CLOSE_BRACE
          transform_statements ::= * transform_statements transform_statement
          transform_statements ::= * transform_statement
          transform_statement ::= * transform_match transform_action SEMICOLON
          transform_match ::= * MATCH_KW match_mode avpl
     (24) transform_match ::= *

                      MATCH_KW shift        20     
          transform_statements shift        8      
           transform_statement shift-reduce 21     transform_statements ::= transform_statement
               transform_match shift        4      
                     {default} reduce       24     transform_match ::=

State 3:
          avp ::= NAME OPEN_BRACE * avp_oneoff CLOSE_BRACE
          avp_oneoff ::= * avp_oneoff PIPE value
          avp_oneoff ::= * value
          value ::= * QUOTED
          value ::= * NAME
          value ::= * FLOATING
          value ::= * INTEGER
          value ::= * DOTED_IP
          value ::= * COLONIZED

                        QUOTED shift-reduce 108    value ::= QUOTED
                          NAME shift-reduce 109    value ::= NAME
                       INTEGER shift-reduce 111    value ::= INTEGER
                      FLOATING shift-reduce 110    value ::= FLOATING
                      DOTED_IP shift-reduce 112    value ::= DOTED_IP
                     COLONIZED shift-reduce 113    value ::= COLONIZED
                         value shift-reduce 107    avp_oneoff ::= value
                    avp_oneoff shift        101    

State 4:
          transform_statement ::= transform_match * transform_action SEMICOLON
     (25) transform_action ::= *
          transform_action ::= * action_mode avpl
          action_mode ::= * REPLACE_KW
          action_mode ::= * INSERT_KW
     (33) action_mode ::= *

                    REPLACE_KW shift-reduce 31     action_mode ::= REPLACE_KW
                     INSERT_KW shift-reduce 32     action_mode ::= INSERT_KW
                   OPEN_PARENS reduce       33     action_mode ::=
              transform_action shift        139    
                   action_mode shift        75     
                     {default} reduce       25     transform_action ::=

State 5:
          gog_decl ::= GOG_KW NAME OPEN_BRACE gog_key_statements * extra_statement transform_list_statement gog_expiration_statement gog_goptree_statement show_times_statement CLOSE_BRACE SEMICOLON
          gog_key_statements ::= gog_key_statements * gog_key_statement
          gog_key_statement ::= * MEMBER_KW gop_name avpl SEMICOLON
          extra_statement ::= * EXTRA_KW avpl SEMICOLON
     (93) extra_statement ::= *

                     MEMBER_KW shift        43     
                      EXTRA_KW shift        50     
               extra_statement shift        47     
             gog_key_statement shift-reduce 88     gog_key_statements ::= gog_key_statements gog_key_statement
                     {default} reduce       93     extra_statement ::=

State 6:
          pdu_decl ::= PDU_KW NAME PROTO_KW field TRANSPORT_KW proto_stack OPEN_BRACE payload_statement extraction_statements * transform_list_statement criteria_statement pdu_drop_unassigned_statement discard_pdu_data_statement last_extracted_statement CLOSE_BRACE SEMICOLON
          extraction_statements ::= extraction_statements * extraction_statement
          extraction_statement ::= * EXTRACT_KW NAME FROM_KW field SEMICOLON
          transform_list_statement ::= * TRANSFORM_KW transform_list SEMICOLON
     (95) transform_list_statement ::= *

                  TRANSFORM_KW shift        11     
                    EXTRACT_KW shift        129    
          extraction_statement shift-reduce 42     extraction_statements ::= extraction_statements extraction_statement
      transform_list_statement shift        70     
                     {default} reduce       95     transform_list_statement ::=

State 7:
          avpl ::= OPEN_PARENS * avps CLOSE_PARENS
          avpl ::= OPEN_PARENS * CLOSE_PARENS
          avps ::= * avps COMMA avp
          avps ::= * avp
          avp ::= * NAME AVP_OPERATOR value
          avp ::= * NAME
          avp ::= * NAME OPEN_BRACE avp_oneoff CLOSE_BRACE

                          NAME shift        102    
                  CLOSE_PARENS shift-reduce 100    avpl ::= OPEN_PARENS CLOSE_PARENS
                          avps shift        103    
                           avp shift-reduce 102    avps ::= avp

State 8:
          transform_body ::= OPEN_BRACE transform_statements * CLOSE_BRACE
          transform_statements ::= transform_statements * transform_statement
          transform_statement ::= * transform_match transform_action SEMICOLON
          transform_match ::= * MATCH_KW match_mode avpl
     (24) transform_match ::= *

                   CLOSE_BRACE shift-reduce 19     transform_body ::= OPEN_BRACE transform_statements CLOSE_BRACE
                      MATCH_KW shift        20     
           transform_statement shift-reduce 20     transform_statements ::= transform_statements transform_statement
               transform_match shift        4      
                     {default} reduce       24     transform_match ::=

State 9:
          gog_decl ::= GOG_KW NAME OPEN_BRACE * gog_key_statements extra_statement transform_list_statement gog_expiration_statement gog_goptree_statement show_times_statement CLOSE_BRACE SEMICOLON
          gog_key_statements ::= * gog_key_statements gog_key_statement
          gog_key_statements ::= * gog_key_statement
          gog_key_statement ::= * MEMBER_KW gop_name avpl SEMICOLON

                     MEMBER_KW shift        43     
            gog_key_statements shift        5      
             gog_key_statement shift-reduce 89     gog_key_statements ::= gog_key_statement

State 10:
          payload_statement ::= PAYLOAD_KW * proto_stack SEMICOLON
          proto_stack ::= * proto_stack SLASH field
          proto_stack ::= * field
          field ::= * NAME

                          NAME shift-reduce 53     field ::= NAME
                   proto_stack shift        98     
                         field shift-reduce 52     proto_stack ::= field

State 11:
          transform_list_statement ::= TRANSFORM_KW * transform_list SEMICOLON
          transform_list ::= * transform_list COMMA transform
          transform_list ::= * transform
          transform ::= * NAME

                          NAME shift-reduce 98     transform ::= NAME
                     transform shift-reduce 97     transform_list ::= transform
                transform_list shift        99     

State 12:
          pdu_decl ::= PDU_KW NAME PROTO_KW field TRANSPORT_KW proto_stack OPEN_BRACE payload_statement * extraction_statements transform_list_statement criteria_statement pdu_drop_unassigned_statement discard_pdu_data_statement last_extracted_statement CLOSE_BRACE SEMICOLON
          extraction_statements ::= * extraction_statements extraction_statement
          extraction_statements ::= * extraction_statement
          extraction_statement ::= * EXTRACT_KW NAME FROM_KW field SEMICOLON

                    EXTRACT_KW shift        129    
          extraction_statement shift-reduce 43     extraction_statements ::= extraction_statement
         extraction_statements shift        6      

State 13:
          pdu_decl ::= PDU_KW NAME PROTO_KW field TRANSPORT_KW * proto_stack OPEN_BRACE payload_statement extraction_statements transform_list_statement criteria_statement pdu_drop_unassigned_statement discard_pdu_data_statement last_extracted_statement CLOSE_BRACE SEMICOLON
          proto_stack ::= * proto_stack SLASH field
          proto_stack ::= * field
          field ::= * NAME

                          NAME shift-reduce 53     field ::= NAME
                   proto_stack shift        100    
                         field shift-reduce 52     proto_stack ::= field

State 14:
          avp_oneoff ::= avp_oneoff PIPE * value
          value ::= * QUOTED
          value ::= * NAME
          value ::= * FLOATING
          value ::= * INTEGER
          value ::= * DOTED_IP
          value ::= * COLONIZED

                        QUOTED shift-reduce 108    value ::= QUOTED
                          NAME shift-reduce 109    value ::= NAME
                       INTEGER shift-reduce 111    value ::= INTEGER
                      FLOATING shift-reduce 110    value ::= FLOATING
                      DOTED_IP shift-reduce 112    value ::= DOTED_IP
                     COLONIZED shift-reduce 113    value ::= COLONIZED
                         value shift-reduce 106    avp_oneoff ::= avp_oneoff PIPE value

State 15:
          avp ::= NAME AVP_OPERATOR * value
          value ::= * QUOTED
          value ::= * NAME
          value ::= * FLOATING
          value ::= * INTEGER
          value ::= * DOTED_IP
          value ::= * COLONIZED

                        QUOTED shift-reduce 108    value ::= QUOTED
                          NAME shift-reduce 109    value ::= NAME
                       INTEGER shift-reduce 111    value ::= INTEGER
                      FLOATING shift-reduce 110    value ::= FLOATING
                      DOTED_IP shift-reduce 112    value ::= DOTED_IP
                     COLONIZED shift-reduce 113    value ::= COLONIZED
                         value shift-reduce 103    avp ::= NAME AVP_OPERATOR value

State 16:
          show_goptree_statement ::= SHOW_TREE_KW * gop_tree_mode SEMICOLON
          gop_tree_mode ::= * NO_TREE_KW
          gop_tree_mode ::= * PDU_TREE_KW
          gop_tree_mode ::= * FRAME_TREE_KW
          gop_tree_mode ::= * BASIC_TREE_KW

                    NO_TREE_KW shift-reduce 71     gop_tree_mode ::= NO_TREE_KW
                   PDU_TREE_KW shift-reduce 72     gop_tree_mode ::= PDU_TREE_KW
                 FRAME_TREE_KW shift-reduce 73     gop_tree_mode ::= FRAME_TREE_KW
                 BASIC_TREE_KW shift-reduce 74     gop_tree_mode ::= BASIC_TREE_KW
                 gop_tree_mode shift        119    

State 17:
          gop_tree_mode_default ::= SHOW_TREE_KW * gop_tree_mode SEMICOLON
          gop_tree_mode ::= * NO_TREE_KW
          gop_tree_mode ::= * PDU_TREE_KW
          gop_tree_mode ::= * FRAME_TREE_KW
          gop_tree_mode ::= * BASIC_TREE_KW

                    NO_TREE_KW shift-reduce 71     gop_tree_mode ::= NO_TREE_KW
                   PDU_TREE_KW shift-reduce 72     gop_tree_mode ::= PDU_TREE_KW
                 FRAME_TREE_KW shift-reduce 73     gop_tree_mode ::= FRAME_TREE_KW
                 BASIC_TREE_KW shift-reduce 74     gop_tree_mode ::= BASIC_TREE_KW
                 gop_tree_mode shift        161    

State 18:
          gog_goptree_statement ::= GOP_TREE_KW * gop_tree_type SEMICOLON
          gop_tree_type ::= * NULL_TREE_KW
          gop_tree_type ::= * FULL_TREE_KW
          gop_tree_type ::= * BASIC_TREE_KW

                 BASIC_TREE_KW shift-reduce 87     gop_tree_type ::= BASIC_TREE_KW
                  NULL_TREE_KW shift-reduce 85     gop_tree_type ::= NULL_TREE_KW
                  FULL_TREE_KW shift-reduce 86     gop_tree_type ::= FULL_TREE_KW
                 gop_tree_type shift        107    

State 19:
     (27) match_mode ::= *
          match_mode ::= * STRICT_KW
          match_mode ::= * EVERY_KW
          match_mode ::= * LOOSE_KW
          criteria_statement ::= CRITERIA_KW accept_mode * match_mode avpl SEMICOLON

                     STRICT_KW shift-reduce 28     match_mode ::= STRICT_KW
                      EVERY_KW shift-reduce 29     match_mode ::= EVERY_KW
                      LOOSE_KW shift-reduce 30     match_mode ::= LOOSE_KW
                    match_mode shift        66     
                     {default} reduce       27     match_mode ::=

State 20:
          transform_match ::= MATCH_KW * match_mode avpl
     (27) match_mode ::= *
          match_mode ::= * STRICT_KW
          match_mode ::= * EVERY_KW
          match_mode ::= * LOOSE_KW

                     STRICT_KW shift-reduce 28     match_mode ::= STRICT_KW
                      EVERY_KW shift-reduce 29     match_mode ::= EVERY_KW
                      LOOSE_KW shift-reduce 30     match_mode ::= LOOSE_KW
                    match_mode shift        73     
                     {default} reduce       27     match_mode ::=

State 21:
          gog_goptree_default ::= GOP_TREE_KW * gop_tree_type SEMICOLON
          gop_tree_type ::= * NULL_TREE_KW
          gop_tree_type ::= * FULL_TREE_KW
          gop_tree_type ::= * BASIC_TREE_KW

                 BASIC_TREE_KW shift-reduce 87     gop_tree_type ::= BASIC_TREE_KW
                  NULL_TREE_KW shift-reduce 85     gop_tree_type ::= NULL_TREE_KW
                  FULL_TREE_KW shift-reduce 86     gop_tree_type ::= FULL_TREE_KW
                 gop_tree_type shift        157    

State 22:
          time_value ::= * FLOATING
          time_value ::= * INTEGER
          gog_expiration_statement ::= EXPIRATION_KW * time_value SEMICOLON

                       INTEGER shift-reduce 79     time_value ::= INTEGER
                      FLOATING shift-reduce 78     time_value ::= FLOATING
                    time_value shift        106    

State 23:
          gop_expiration_statement ::= EXPIRATION_KW * time_value SEMICOLON
          time_value ::= * FLOATING
          time_value ::= * INTEGER

                       INTEGER shift-reduce 79     time_value ::= INTEGER
                      FLOATING shift-reduce 78     time_value ::= FLOATING
                    time_value shift        115    

State 24:
          idle_timeout_statement ::= IDLE_TIMEOUT_KW * time_value SEMICOLON
          time_value ::= * FLOATING
          time_value ::= * INTEGER

                       INTEGER shift-reduce 79     time_value ::= INTEGER
                      FLOATING shift-reduce 78     time_value ::= FLOATING
                    time_value shift        116    

State 25:
          lifetime_statement ::= LIFETIME_KW * time_value SEMICOLON
          time_value ::= * FLOATING
          time_value ::= * INTEGER

                       INTEGER shift-reduce 79     time_value ::= INTEGER
                      FLOATING shift-reduce 78     time_value ::= FLOATING
                    time_value shift        117    

State 26:
          gop_drop_unassigned_statement ::= DROP_UNASSIGNED_KW * true_false SEMICOLON
          true_false ::= * TRUE_KW
          true_false ::= * FALSE_KW

                       TRUE_KW shift-reduce 75     true_false ::= TRUE_KW
                      FALSE_KW shift-reduce 76     true_false ::= FALSE_KW
                    true_false shift        118    

State 27:
          show_times_statement ::= SHOW_TIMES_KW * true_false SEMICOLON
          true_false ::= * TRUE_KW
          true_false ::= * FALSE_KW

                       TRUE_KW shift-reduce 75     true_false ::= TRUE_KW
                      FALSE_KW shift-reduce 76     true_false ::= FALSE_KW
                    true_false shift        120    

State 28:
          criteria_statement ::= CRITERIA_KW * accept_mode match_mode avpl SEMICOLON
     (39) accept_mode ::= *
          accept_mode ::= * ACCEPT_KW
          accept_mode ::= * REJECT_KW

                     ACCEPT_KW shift-reduce 40     accept_mode ::= ACCEPT_KW
                     REJECT_KW shift-reduce 41     accept_mode ::= REJECT_KW
                   accept_mode shift        19     
                     {default} reduce       39     accept_mode ::=

State 29:
          pdu_drop_unassigned_statement ::= DROP_UNASSIGNED_KW * true_false SEMICOLON
          true_false ::= * TRUE_KW
          true_false ::= * FALSE_KW

                       TRUE_KW shift-reduce 75     true_false ::= TRUE_KW
                      FALSE_KW shift-reduce 76     true_false ::= FALSE_KW
                    true_false shift        131    

State 30:
          discard_pdu_data_statement ::= DISCARD_PDU_DATA_KW * true_false SEMICOLON
          true_false ::= * TRUE_KW
          true_false ::= * FALSE_KW

                       TRUE_KW shift-reduce 75     true_false ::= TRUE_KW
                      FALSE_KW shift-reduce 76     true_false ::= FALSE_KW
                    true_false shift        132    

State 31:
          last_extracted_statement ::= LAST_PDU_KW * true_false SEMICOLON
          true_false ::= * TRUE_KW
          true_false ::= * FALSE_KW

                       TRUE_KW shift-reduce 75     true_false ::= TRUE_KW
                      FALSE_KW shift-reduce 76     true_false ::= FALSE_KW
                    true_false shift        133    

State 32:
          pdu_last_extracted_default ::= LAST_EXTRACTED_KW * true_false SEMICOLON
          true_false ::= * TRUE_KW
          true_false ::= * FALSE_KW

                       TRUE_KW shift-reduce 75     true_false ::= TRUE_KW
                      FALSE_KW shift-reduce 76     true_false ::= FALSE_KW
                    true_false shift        142    

State 33:
          pdu_drop_unassigned_default ::= DROP_UNASSIGNED_KW * true_false SEMICOLON
          true_false ::= * TRUE_KW
          true_false ::= * FALSE_KW

                       TRUE_KW shift-reduce 75     true_false ::= TRUE_KW
                      FALSE_KW shift-reduce 76     true_false ::= FALSE_KW
                    true_false shift        143    

State 34:
          pdu_discard_default ::= DISCARD_PDU_DATA_KW * true_false SEMICOLON
          true_false ::= * TRUE_KW
          true_false ::= * FALSE_KW

                       TRUE_KW shift-reduce 75     true_false ::= TRUE_KW
                      FALSE_KW shift-reduce 76     true_false ::= FALSE_KW
                    true_false shift        144    

State 35:
          gop_expiration_default ::= EXPIRATION_KW * time_value SEMICOLON
          time_value ::= * FLOATING
          time_value ::= * INTEGER

                       INTEGER shift-reduce 79     time_value ::= INTEGER
                      FLOATING shift-reduce 78     time_value ::= FLOATING
                    time_value shift        148    

State 36:
          gop_idle_timeout_default ::= IDLE_TIMEOUT_KW * time_value SEMICOLON
          time_value ::= * FLOATING
          time_value ::= * INTEGER

                       INTEGER shift-reduce 79     time_value ::= INTEGER
                      FLOATING shift-reduce 78     time_value ::= FLOATING
                    time_value shift        149    

State 37:
          gop_lifetime_default ::= LIFETIME_KW * time_value SEMICOLON
          time_value ::= * FLOATING
          time_value ::= * INTEGER

                       INTEGER shift-reduce 79     time_value ::= INTEGER
                      FLOATING shift-reduce 78     time_value ::= FLOATING
                    time_value shift        150    

State 38:
          gop_drop_unassigned_default ::= DROP_UNASSIGNED_KW * true_false SEMICOLON
          true_false ::= * TRUE_KW
          true_false ::= * FALSE_KW

                       TRUE_KW shift-reduce 75     true_false ::= TRUE_KW
                      FALSE_KW shift-reduce 76     true_false ::= FALSE_KW
                    true_false shift        151    

State 39:
          gop_show_times_default ::= SHOW_TIMES_KW * true_false SEMICOLON
          true_false ::= * TRUE_KW
          true_false ::= * FALSE_KW

                       TRUE_KW shift-reduce 75     true_false ::= TRUE_KW
                      FALSE_KW shift-reduce 76     true_false ::= FALSE_KW
                    true_false shift        152    

State 40:
          gog_expiration_default ::= EXPIRATION_KW * time_value SEMICOLON
          time_value ::= * FLOATING
          time_value ::= * INTEGER

                       INTEGER shift-reduce 79     time_value ::= INTEGER
                      FLOATING shift-reduce 78     time_value ::= FLOATING
                    time_value shift        156    

State 41:
          gog_show_times_default ::= SHOW_TIMES_KW * true_false SEMICOLON
          true_false ::= * TRUE_KW
          true_false ::= * FALSE_KW

                       TRUE_KW shift-reduce 75     true_false ::= TRUE_KW
                      FALSE_KW shift-reduce 76     true_false ::= FALSE_KW
                    true_false shift        158    

State 42:
          gog_key_statement ::= MEMBER_KW gop_name * avpl SEMICOLON
          avpl ::= * OPEN_PARENS avps CLOSE_PARENS
          avpl ::= * OPEN_PARENS CLOSE_PARENS

                   OPEN_PARENS shift        7      
                          avpl shift        105    

State 43:
          gog_key_statement ::= MEMBER_KW * gop_name avpl SEMICOLON
          gop_name ::= * NAME

                          NAME shift-reduce 91     gop_name ::= NAME
                      gop_name shift        42     

State 44:
          show_times_statement ::= * SHOW_TIMES_KW true_false SEMICOLON
     (64) show_times_statement ::= *
          gog_decl ::= GOG_KW NAME OPEN_BRACE gog_key_statements extra_statement transform_list_statement gog_expiration_statement gog_goptree_statement * show_times_statement CLOSE_BRACE SEMICOLON

                 SHOW_TIMES_KW shift        27     
          show_times_statement shift        109    
                     {default} reduce       64     show_times_statement ::=

State 45:
          gog_decl ::= GOG_KW NAME OPEN_BRACE gog_key_statements extra_statement transform_list_statement gog_expiration_statement * gog_goptree_statement show_times_statement CLOSE_BRACE SEMICOLON
          gog_goptree_statement ::= * GOP_TREE_KW gop_tree_type SEMICOLON
     (82) gog_goptree_statement ::= *

                   GOP_TREE_KW shift        18     
         gog_goptree_statement shift        44     
                     {default} reduce       82     gog_goptree_statement ::=

State 46:
          gog_decl ::= GOG_KW NAME OPEN_BRACE gog_key_statements extra_statement transform_list_statement * gog_expiration_statement gog_goptree_statement show_times_statement CLOSE_BRACE SEMICOLON
          gog_expiration_statement ::= * EXPIRATION_KW time_value SEMICOLON
     (84) gog_expiration_statement ::= *

                 EXPIRATION_KW shift        22     
      gog_expiration_statement shift        45     
                     {default} reduce       84     gog_expiration_statement ::=

State 47:
          gog_decl ::= GOG_KW NAME OPEN_BRACE gog_key_statements extra_statement * transform_list_statement gog_expiration_statement gog_goptree_statement show_times_statement CLOSE_BRACE SEMICOLON
          transform_list_statement ::= * TRANSFORM_KW transform_list SEMICOLON
     (95) transform_list_statement ::= *

                  TRANSFORM_KW shift        11     
      transform_list_statement shift        46     
                     {default} reduce       95     transform_list_statement ::=

State 48:
          gop_start_statement ::= START_KW * avpl SEMICOLON
          avpl ::= * OPEN_PARENS avps CLOSE_PARENS
          avpl ::= * OPEN_PARENS CLOSE_PARENS

                   OPEN_PARENS shift        7      
                          avpl shift        112    

State 49:
          gop_stop_statement ::= STOP_KW * avpl SEMICOLON
          avpl ::= * OPEN_PARENS avps CLOSE_PARENS
          avpl ::= * OPEN_PARENS CLOSE_PARENS

                   OPEN_PARENS shift        7      
                          avpl shift        113    

State 50:
          extra_statement ::= EXTRA_KW * avpl SEMICOLON
          avpl ::= * OPEN_PARENS avps CLOSE_PARENS
          avpl ::= * OPEN_PARENS CLOSE_PARENS

                   OPEN_PARENS shift        7      
                          avpl shift        114    

State 51:
          gop_decl ::= GOP_KW NAME ON_KW pdu_name MATCH_KW avpl OPEN_BRACE gop_start_statement gop_stop_statement extra_statement transform_list_statement gop_expiration_statement idle_timeout_statement lifetime_statement gop_drop_unassigned_statement show_goptree_statement * show_times_statement CLOSE_BRACE SEMICOLON
          show_times_statement ::= * SHOW_TIMES_KW true_false SEMICOLON
     (64) show_times_statement ::= *

                 SHOW_TIMES_KW shift        27     
          show_times_statement shift        122    
                     {default} reduce       64     show_times_statement ::=

State 52:
          gop_decl ::= GOP_KW NAME ON_KW pdu_name MATCH_KW avpl OPEN_BRACE gop_start_statement gop_stop_statement extra_statement transform_list_statement gop_expiration_statement idle_timeout_statement lifetime_statement gop_drop_unassigned_statement * show_goptree_statement show_times_statement CLOSE_BRACE SEMICOLON
          show_goptree_statement ::= * SHOW_TREE_KW gop_tree_mode SEMICOLON
     (62) show_goptree_statement ::= *

                  SHOW_TREE_KW shift        16     
        show_goptree_statement shift        51     
                     {default} reduce       62     show_goptree_statement ::=

State 53:
          gop_decl ::= GOP_KW NAME ON_KW pdu_name MATCH_KW avpl OPEN_BRACE gop_start_statement gop_stop_statement extra_statement transform_list_statement gop_expiration_statement idle_timeout_statement lifetime_statement * gop_drop_unassigned_statement show_goptree_statement show_times_statement CLOSE_BRACE SEMICOLON
          gop_drop_unassigned_statement ::= * DROP_UNASSIGNED_KW true_false SEMICOLON
     (56) gop_drop_unassigned_statement ::= *

            DROP_UNASSIGNED_KW shift        26     
 gop_drop_unassigned_statement shift        52     
                     {default} reduce       56     gop_drop_unassigned_statement ::=

State 54:
          gop_decl ::= GOP_KW NAME ON_KW pdu_name MATCH_KW avpl OPEN_BRACE gop_start_statement gop_stop_statement extra_statement transform_list_statement gop_expiration_statement idle_timeout_statement * lifetime_statement gop_drop_unassigned_statement show_goptree_statement show_times_statement CLOSE_BRACE SEMICOLON
          lifetime_statement ::= * LIFETIME_KW time_value SEMICOLON
     (70) lifetime_statement ::= *

                   LIFETIME_KW shift        25     
            lifetime_statement shift        53     
                     {default} reduce       70     lifetime_statement ::=

State 55:
          gop_decl ::= GOP_KW NAME ON_KW pdu_name MATCH_KW avpl OPEN_BRACE gop_start_statement gop_stop_statement extra_statement transform_list_statement gop_expiration_statement * idle_timeout_statement lifetime_statement gop_drop_unassigned_statement show_goptree_statement show_times_statement CLOSE_BRACE SEMICOLON
          idle_timeout_statement ::= * IDLE_TIMEOUT_KW time_value SEMICOLON
     (68) idle_timeout_statement ::= *

               IDLE_TIMEOUT_KW shift        24     
        idle_timeout_statement shift        54     
                     {default} reduce       68     idle_timeout_statement ::=

State 56:
          gop_decl ::= GOP_KW NAME ON_KW pdu_name MATCH_KW avpl OPEN_BRACE gop_start_statement gop_stop_statement extra_statement transform_list_statement * gop_expiration_statement idle_timeout_statement lifetime_statement gop_drop_unassigned_statement show_goptree_statement show_times_statement CLOSE_BRACE SEMICOLON
          gop_expiration_statement ::= * EXPIRATION_KW time_value SEMICOLON
     (66) gop_expiration_statement ::= *

                 EXPIRATION_KW shift        23     
      gop_expiration_statement shift        55     
                     {default} reduce       66     gop_expiration_statement ::=

State 57:
          gop_decl ::= GOP_KW NAME ON_KW pdu_name MATCH_KW avpl OPEN_BRACE gop_start_statement gop_stop_statement extra_statement * transform_list_statement gop_expiration_statement idle_timeout_statement lifetime_statement gop_drop_unassigned_statement show_goptree_statement show_times_statement CLOSE_BRACE SEMICOLON
          transform_list_statement ::= * TRANSFORM_KW transform_list SEMICOLON
     (95) transform_list_statement ::= *

                  TRANSFORM_KW shift        11     
      transform_list_statement shift        56     
                     {default} reduce       95     transform_list_statement ::=

State 58:
          gop_decl ::= GOP_KW NAME ON_KW pdu_name MATCH_KW avpl OPEN_BRACE gop_start_statement gop_stop_statement * extra_statement transform_list_statement gop_expiration_statement idle_timeout_statement lifetime_statement gop_drop_unassigned_statement show_goptree_statement show_times_statement CLOSE_BRACE SEMICOLON
          extra_statement ::= * EXTRA_KW avpl SEMICOLON
     (93) extra_statement ::= *

                      EXTRA_KW shift        50     
               extra_statement shift        57     
                     {default} reduce       93     extra_statement ::=

State 59:
          gop_decl ::= GOP_KW NAME ON_KW pdu_name MATCH_KW avpl OPEN_BRACE gop_start_statement * gop_stop_statement extra_statement transform_list_statement gop_expiration_statement idle_timeout_statement lifetime_statement gop_drop_unassigned_statement show_goptree_statement show_times_statement CLOSE_BRACE SEMICOLON
          gop_stop_statement ::= * STOP_KW avpl SEMICOLON
     (60) gop_stop_statement ::= *

                       STOP_KW shift        49     
            gop_stop_statement shift        58     
                     {default} reduce       60     gop_stop_statement ::=

State 60:
          gop_decl ::= GOP_KW NAME ON_KW pdu_name MATCH_KW avpl OPEN_BRACE * gop_start_statement gop_stop_statement extra_statement transform_list_statement gop_expiration_statement idle_timeout_statement lifetime_statement gop_drop_unassigned_statement show_goptree_statement show_times_statement CLOSE_BRACE SEMICOLON
          gop_start_statement ::= * START_KW avpl SEMICOLON
     (58) gop_start_statement ::= *

                      START_KW shift        48     
           gop_start_statement shift        59     
                     {default} reduce       58     gop_start_statement ::=

State 61:
          gop_decl ::= GOP_KW NAME ON_KW pdu_name MATCH_KW * avpl OPEN_BRACE gop_start_statement gop_stop_statement extra_statement transform_list_statement gop_expiration_statement idle_timeout_statement lifetime_statement gop_drop_unassigned_statement show_goptree_statement show_times_statement CLOSE_BRACE SEMICOLON
          avpl ::= * OPEN_PARENS avps CLOSE_PARENS
          avpl ::= * OPEN_PARENS CLOSE_PARENS

                   OPEN_PARENS shift        7      
                          avpl shift        123    

State 62:
          gop_decl ::= GOP_KW NAME ON_KW * pdu_name MATCH_KW avpl OPEN_BRACE gop_start_statement gop_stop_statement extra_statement transform_list_statement gop_expiration_statement idle_timeout_statement lifetime_statement gop_drop_unassigned_statement show_goptree_statement show_times_statement CLOSE_BRACE SEMICOLON
          pdu_name ::= * NAME

                          NAME shift-reduce 77     pdu_name ::= NAME
                      pdu_name shift        124    

State 63:
          proto_stack ::= proto_stack SLASH * field
          field ::= * NAME

                          NAME shift-reduce 53     field ::= NAME
                         field shift-reduce 51     proto_stack ::= proto_stack SLASH field

State 64:
          transform_list ::= transform_list COMMA * transform
          transform ::= * NAME

                          NAME shift-reduce 98     transform ::= NAME
                     transform shift-reduce 96     transform_list ::= transform_list COMMA transform

State 65:
          extraction_statement ::= EXTRACT_KW NAME FROM_KW * field SEMICOLON
          field ::= * NAME

                          NAME shift-reduce 53     field ::= NAME
                         field shift        127    

State 66:
          criteria_statement ::= CRITERIA_KW accept_mode match_mode * avpl SEMICOLON
          avpl ::= * OPEN_PARENS avps CLOSE_PARENS
          avpl ::= * OPEN_PARENS CLOSE_PARENS

                   OPEN_PARENS shift        7      
                          avpl shift        130    

State 67:
          pdu_decl ::= PDU_KW NAME PROTO_KW field TRANSPORT_KW proto_stack OPEN_BRACE payload_statement extraction_statements transform_list_statement criteria_statement pdu_drop_unassigned_statement discard_pdu_data_statement * last_extracted_statement CLOSE_BRACE SEMICOLON
          last_extracted_statement ::= * LAST_PDU_KW true_false SEMICOLON
     (50) last_extracted_statement ::= *

                   LAST_PDU_KW shift        31     
      last_extracted_statement shift        135    
                     {default} reduce       50     last_extracted_statement ::=

State 68:
          pdu_decl ::= PDU_KW NAME PROTO_KW field TRANSPORT_KW proto_stack OPEN_BRACE payload_statement extraction_statements transform_list_statement criteria_statement pdu_drop_unassigned_statement * discard_pdu_data_statement last_extracted_statement CLOSE_BRACE SEMICOLON
          discard_pdu_data_statement ::= * DISCARD_PDU_DATA_KW true_false SEMICOLON
     (48) discard_pdu_data_statement ::= *

           DISCARD_PDU_DATA_KW shift        30     
    discard_pdu_data_statement shift        67     
                     {default} reduce       48     discard_pdu_data_statement ::=

State 69:
          pdu_decl ::= PDU_KW NAME PROTO_KW field TRANSPORT_KW proto_stack OPEN_BRACE payload_statement extraction_statements transform_list_statement criteria_statement * pdu_drop_unassigned_statement discard_pdu_data_statement last_extracted_statement CLOSE_BRACE SEMICOLON
          pdu_drop_unassigned_statement ::= * DROP_UNASSIGNED_KW true_false SEMICOLON
     (46) pdu_drop_unassigned_statement ::= *

            DROP_UNASSIGNED_KW shift        29     
 pdu_drop_unassigned_statement shift        68     
                     {default} reduce       46     pdu_drop_unassigned_statement ::=

State 70:
          pdu_decl ::= PDU_KW NAME PROTO_KW field TRANSPORT_KW proto_stack OPEN_BRACE payload_statement extraction_statements transform_list_statement * criteria_statement pdu_drop_unassigned_statement discard_pdu_data_statement last_extracted_statement CLOSE_BRACE SEMICOLON
     (37) criteria_statement ::= *
          criteria_statement ::= * CRITERIA_KW accept_mode match_mode avpl SEMICOLON

                   CRITERIA_KW shift        28     
            criteria_statement shift        69     
                     {default} reduce       37     criteria_statement ::=

State 71:
          pdu_decl ::= PDU_KW NAME PROTO_KW field TRANSPORT_KW proto_stack OPEN_BRACE * payload_statement extraction_statements transform_list_statement criteria_statement pdu_drop_unassigned_statement discard_pdu_data_statement last_extracted_statement CLOSE_BRACE SEMICOLON
     (35) payload_statement ::= *
          payload_statement ::= * PAYLOAD_KW proto_stack SEMICOLON

                    PAYLOAD_KW shift        10     
             payload_statement shift        12     
                     {default} reduce       35     payload_statement ::=

State 72:
          pdu_decl ::= PDU_KW NAME PROTO_KW * field TRANSPORT_KW proto_stack OPEN_BRACE payload_statement extraction_statements transform_list_statement criteria_statement pdu_drop_unassigned_statement discard_pdu_data_statement last_extracted_statement CLOSE_BRACE SEMICOLON
          field ::= * NAME

                          NAME shift-reduce 53     field ::= NAME
                         field shift        136    

State 73:
          transform_match ::= MATCH_KW match_mode * avpl
          avpl ::= * OPEN_PARENS avps CLOSE_PARENS
          avpl ::= * OPEN_PARENS CLOSE_PARENS

                   OPEN_PARENS shift        7      
                          avpl shift-reduce 23     transform_match ::= MATCH_KW match_mode avpl

State 74:
          avps ::= avps COMMA * avp
          avp ::= * NAME AVP_OPERATOR value
          avp ::= * NAME
          avp ::= * NAME OPEN_BRACE avp_oneoff CLOSE_BRACE

                          NAME shift        102    
                           avp shift-reduce 101    avps ::= avps COMMA avp

State 75:
          transform_action ::= action_mode * avpl
          avpl ::= * OPEN_PARENS avps CLOSE_PARENS
          avpl ::= * OPEN_PARENS CLOSE_PARENS

                   OPEN_PARENS shift        7      
                          avpl shift-reduce 26     transform_action ::= action_mode avpl

State 76:
          transform_decl ::= TRANSFORM_KW NAME * transform_body SEMICOLON
          transform_body ::= * OPEN_BRACE transform_statements CLOSE_BRACE

                    OPEN_BRACE shift        2      
                transform_body shift        140    

State 77:
          pdu_defaults ::= PDU_KW OPEN_BRACE pdu_last_extracted_default pdu_drop_unassigned_default * pdu_discard_default CLOSE_BRACE SEMICOLON
          pdu_discard_default ::= * DISCARD_PDU_DATA_KW true_false SEMICOLON
    (135) pdu_discard_default ::= *

           DISCARD_PDU_DATA_KW shift        34     
           pdu_discard_default shift        146    
                     {default} reduce       135    pdu_discard_default ::=

State 78:
          pdu_defaults ::= PDU_KW OPEN_BRACE pdu_last_extracted_default * pdu_drop_unassigned_default pdu_discard_default CLOSE_BRACE SEMICOLON
          pdu_drop_unassigned_default ::= * DROP_UNASSIGNED_KW true_false SEMICOLON
    (134) pdu_drop_unassigned_default ::= *

            DROP_UNASSIGNED_KW shift        33     
   pdu_drop_unassigned_default shift        77     
                     {default} reduce       134    pdu_drop_unassigned_default ::=

State 79:
          pdu_defaults ::= PDU_KW OPEN_BRACE * pdu_last_extracted_default pdu_drop_unassigned_default pdu_discard_default CLOSE_BRACE SEMICOLON
          pdu_last_extracted_default ::= * LAST_EXTRACTED_KW true_false SEMICOLON
    (133) pdu_last_extracted_default ::= *

             LAST_EXTRACTED_KW shift        32     
    pdu_last_extracted_default shift        78     
                     {default} reduce       133    pdu_last_extracted_default ::=

State 80:
          gop_defaults ::= GOP_KW OPEN_BRACE gop_expiration_default gop_idle_timeout_default gop_lifetime_default gop_drop_unassigned_default gop_tree_mode_default * gop_show_times_default CLOSE_BRACE SEMICOLON
          gop_show_times_default ::= * SHOW_TIMES_KW true_false SEMICOLON
    (143) gop_show_times_default ::= *

                 SHOW_TIMES_KW shift        39     
        gop_show_times_default shift        154    
                     {default} reduce       143    gop_show_times_default ::=

State 81:
          gop_defaults ::= GOP_KW OPEN_BRACE gop_expiration_default gop_idle_timeout_default gop_lifetime_default gop_drop_unassigned_default * gop_tree_mode_default gop_show_times_default CLOSE_BRACE SEMICOLON
          gop_tree_mode_default ::= * SHOW_TREE_KW gop_tree_mode SEMICOLON
    (142) gop_tree_mode_default ::= *

                  SHOW_TREE_KW shift        17     
         gop_tree_mode_default shift        80     
                     {default} reduce       142    gop_tree_mode_default ::=

State 82:
          gop_defaults ::= GOP_KW OPEN_BRACE gop_expiration_default gop_idle_timeout_default gop_lifetime_default * gop_drop_unassigned_default gop_tree_mode_default gop_show_times_default CLOSE_BRACE SEMICOLON
          gop_drop_unassigned_default ::= * DROP_UNASSIGNED_KW true_false SEMICOLON
    (141) gop_drop_unassigned_default ::= *

            DROP_UNASSIGNED_KW shift        38     
   gop_drop_unassigned_default shift        81     
                     {default} reduce       141    gop_drop_unassigned_default ::=

State 83:
          gop_defaults ::= GOP_KW OPEN_BRACE gop_expiration_default gop_idle_timeout_default * gop_lifetime_default gop_drop_unassigned_default gop_tree_mode_default gop_show_times_default CLOSE_BRACE SEMICOLON
          gop_lifetime_default ::= * LIFETIME_KW time_value SEMICOLON
    (140) gop_lifetime_default ::= *

                   LIFETIME_KW shift        37     
          gop_lifetime_default shift        82     
                     {default} reduce       140    gop_lifetime_default ::=

State 84:
          gop_defaults ::= GOP_KW OPEN_BRACE gop_expiration_default * gop_idle_timeout_default gop_lifetime_default gop_drop_unassigned_default gop_tree_mode_default gop_show_times_default CLOSE_BRACE SEMICOLON
          gop_idle_timeout_default ::= * IDLE_TIMEOUT_KW time_value SEMICOLON
    (139) gop_idle_timeout_default ::= *

               IDLE_TIMEOUT_KW shift        36     
      gop_idle_timeout_default shift        83     
                     {default} reduce       139    gop_idle_timeout_default ::=

State 85:
          gop_defaults ::= GOP_KW OPEN_BRACE * gop_expiration_default gop_idle_timeout_default gop_lifetime_default gop_drop_unassigned_default gop_tree_mode_default gop_show_times_default CLOSE_BRACE SEMICOLON
          gop_expiration_default ::= * EXPIRATION_KW time_value SEMICOLON
    (138) gop_expiration_default ::= *

                 EXPIRATION_KW shift        35     
        gop_expiration_default shift        84     
                     {default} reduce       138    gop_expiration_default ::=

State 86:
          gog_defaults ::= GOG_KW OPEN_BRACE gog_expiration_default gop_tree_mode_default gog_goptree_default * gog_show_times_default CLOSE_BRACE SEMICOLON
          gog_show_times_default ::= * SHOW_TIMES_KW true_false SEMICOLON
    (148) gog_show_times_default ::= *

                 SHOW_TIMES_KW shift        41     
        gog_show_times_default shift        160    
                     {default} reduce       148    gog_show_times_default ::=

State 87:
          gog_defaults ::= GOG_KW OPEN_BRACE gog_expiration_default gop_tree_mode_default * gog_goptree_default gog_show_times_default CLOSE_BRACE SEMICOLON
          gog_goptree_default ::= * GOP_TREE_KW gop_tree_type SEMICOLON
    (147) gog_goptree_default ::= *

                   GOP_TREE_KW shift        21     
           gog_goptree_default shift        86     
                     {default} reduce       147    gog_goptree_default ::=

State 88:
          gop_tree_mode_default ::= * SHOW_TREE_KW gop_tree_mode SEMICOLON
    (142) gop_tree_mode_default ::= *
          gog_defaults ::= GOG_KW OPEN_BRACE gog_expiration_default * gop_tree_mode_default gog_goptree_default gog_show_times_default CLOSE_BRACE SEMICOLON

                  SHOW_TREE_KW shift        17     
         gop_tree_mode_default shift        87     
                     {default} reduce       142    gop_tree_mode_default ::=

State 89:
          gog_defaults ::= GOG_KW OPEN_BRACE * gog_expiration_default gop_tree_mode_default gog_goptree_default gog_show_times_default CLOSE_BRACE SEMICOLON
          gog_expiration_default ::= * EXPIRATION_KW time_value SEMICOLON
    (146) gog_expiration_default ::= *

                 EXPIRATION_KW shift        40     
        gog_expiration_default shift        88     
                     {default} reduce       146    gog_expiration_default ::=

State 90:
          defaults_decl ::= DEFAULT_KW OPEN_BRACE pdu_defaults gop_defaults * gog_defaults CLOSE_BRACE SEMICOLON
          gog_defaults ::= * GOG_KW OPEN_BRACE gog_expiration_default gop_tree_mode_default gog_goptree_default gog_show_times_default CLOSE_BRACE SEMICOLON
    (145) gog_defaults ::= *

                        GOG_KW shift        162    
                  gog_defaults shift        164    
                     {default} reduce       145    gog_defaults ::=

State 91:
          defaults_decl ::= DEFAULT_KW OPEN_BRACE pdu_defaults * gop_defaults gog_defaults CLOSE_BRACE SEMICOLON
          gop_defaults ::= * GOP_KW OPEN_BRACE gop_expiration_default gop_idle_timeout_default gop_lifetime_default gop_drop_unassigned_default gop_tree_mode_default gop_show_times_default CLOSE_BRACE SEMICOLON
    (137) gop_defaults ::= *

                        GOP_KW shift        155    
                  gop_defaults shift        90     
                     {default} reduce       137    gop_defaults ::=

State 92:
          defaults_decl ::= DEFAULT_KW OPEN_BRACE * pdu_defaults gop_defaults gog_defaults CLOSE_BRACE SEMICOLON
          pdu_defaults ::= * PDU_KW OPEN_BRACE pdu_last_extracted_default pdu_drop_unassigned_default pdu_discard_default CLOSE_BRACE SEMICOLON
    (132) pdu_defaults ::= *

                        PDU_KW shift        147    
                  pdu_defaults shift        91     
                     {default} reduce       132    pdu_defaults ::=

State 93:
          debug_decl ::= DEBUG_KW OPEN_BRACE dbgfile_default dbglevel_default pdu_dbglevel_default gop_dbglevel_default * gog_dbglevel_default CLOSE_BRACE SEMICOLON
          gog_dbglevel_default ::= * GOG_KW LEVEL_KW INTEGER SEMICOLON
    (129) gog_dbglevel_default ::= *

                        GOG_KW shift        178    
          gog_dbglevel_default shift        180    
                     {default} reduce       129    gog_dbglevel_default ::=

State 94:
          debug_decl ::= DEBUG_KW OPEN_BRACE dbgfile_default dbglevel_default pdu_dbglevel_default * gop_dbglevel_default gog_dbglevel_default CLOSE_BRACE SEMICOLON
          gop_dbglevel_default ::= * GOP_KW LEVEL_KW INTEGER SEMICOLON
    (128) gop_dbglevel_default ::= *

                        GOP_KW shift        175    
          gop_dbglevel_default shift        93     
                     {default} reduce       128    gop_dbglevel_default ::=

State 95:
          debug_decl ::= DEBUG_KW OPEN_BRACE dbgfile_default dbglevel_default * pdu_dbglevel_default gop_dbglevel_default gog_dbglevel_default CLOSE_BRACE SEMICOLON
          pdu_dbglevel_default ::= * PDU_KW LEVEL_KW INTEGER SEMICOLON
    (127) pdu_dbglevel_default ::= *

                        PDU_KW shift        172    
          pdu_dbglevel_default shift        94     
                     {default} reduce       127    pdu_dbglevel_default ::=

State 96:
          debug_decl ::= DEBUG_KW OPEN_BRACE dbgfile_default * dbglevel_default pdu_dbglevel_default gop_dbglevel_default gog_dbglevel_default CLOSE_BRACE SEMICOLON
          dbglevel_default ::= * LEVEL_KW INTEGER SEMICOLON
    (126) dbglevel_default ::= *

                      LEVEL_KW shift        169    
              dbglevel_default shift        95     
                     {default} reduce       126    dbglevel_default ::=

State 97:
          debug_decl ::= DEBUG_KW OPEN_BRACE * dbgfile_default dbglevel_default pdu_dbglevel_default gop_dbglevel_default gog_dbglevel_default CLOSE_BRACE SEMICOLON
          dbgfile_default ::= * FILENAME_KW QUOTED SEMICOLON
          dbgfile_default ::= * FILENAME_KW NAME SEMICOLON
    (125) dbgfile_default ::= *

                   FILENAME_KW shift        104    
               dbgfile_default shift        96     
                     {default} reduce       125    dbgfile_default ::=

State 98:
          payload_statement ::= PAYLOAD_KW proto_stack * SEMICOLON
          proto_stack ::= proto_stack * SLASH field

                     SEMICOLON shift-reduce 36     payload_statement ::= PAYLOAD_KW proto_stack SEMICOLON
                         SLASH shift        63     

State 99:
          transform_list_statement ::= TRANSFORM_KW transform_list * SEMICOLON
          transform_list ::= transform_list * COMMA transform

                     SEMICOLON shift-reduce 94     transform_list_statement ::= TRANSFORM_KW transform_list SEMICOLON
                         COMMA shift        64     

State 100:
          pdu_decl ::= PDU_KW NAME PROTO_KW field TRANSPORT_KW proto_stack * OPEN_BRACE payload_statement extraction_statements transform_list_statement criteria_statement pdu_drop_unassigned_statement discard_pdu_data_statement last_extracted_statement CLOSE_BRACE SEMICOLON
          proto_stack ::= proto_stack * SLASH field

                    OPEN_BRACE shift        71     
                         SLASH shift        63     

State 101:
          avp ::= NAME OPEN_BRACE avp_oneoff * CLOSE_BRACE
          avp_oneoff ::= avp_oneoff * PIPE value

                   CLOSE_BRACE shift-reduce 105    avp ::= NAME OPEN_BRACE avp_oneoff CLOSE_BRACE
                          PIPE shift        14     

State 102:
          avp ::= NAME * AVP_OPERATOR value
    (104) avp ::= NAME *
          avp ::= NAME * OPEN_BRACE avp_oneoff CLOSE_BRACE

                    OPEN_BRACE shift        3      
                  AVP_OPERATOR shift        15     
                     {default} reduce       104    avp ::= NAME

State 103:
          avpl ::= OPEN_PARENS avps * CLOSE_PARENS
          avps ::= avps * COMMA avp

                         COMMA shift        74     
                  CLOSE_PARENS shift-reduce 99     avpl ::= OPEN_PARENS avps CLOSE_PARENS

State 104:
          dbgfile_default ::= FILENAME_KW * QUOTED SEMICOLON
          dbgfile_default ::= FILENAME_KW * NAME SEMICOLON

                        QUOTED shift        167    
                          NAME shift        166    

State 105:
          gog_key_statement ::= MEMBER_KW gop_name avpl * SEMICOLON

                     SEMICOLON shift-reduce 90     gog_key_statement ::= MEMBER_KW gop_name avpl SEMICOLON

State 106:
          gog_expiration_statement ::= EXPIRATION_KW time_value * SEMICOLON

                     SEMICOLON shift-reduce 83     gog_expiration_statement ::= EXPIRATION_KW time_value SEMICOLON

State 107:
          gog_goptree_statement ::= GOP_TREE_KW gop_tree_type * SEMICOLON

                     SEMICOLON shift-reduce 81     gog_goptree_statement ::= GOP_TREE_KW gop_tree_type SEMICOLON

State 108:
          gog_decl ::= GOG_KW NAME OPEN_BRACE gog_key_statements extra_statement transform_list_statement gog_expiration_statement gog_goptree_statement show_times_statement CLOSE_BRACE * SEMICOLON

                     SEMICOLON shift-reduce 80     gog_decl ::= GOG_KW NAME OPEN_BRACE gog_key_statements extra_statement transform_list_statement gog_expiration_statement gog_goptree_statement show_times_statement CLOSE_BRACE SEMICOLON

State 109:
          gog_decl ::= GOG_KW NAME OPEN_BRACE gog_key_statements extra_statement transform_list_statement gog_expiration_statement gog_goptree_statement show_times_statement * CLOSE_BRACE SEMICOLON

                   CLOSE_BRACE shift        108    

State 110:
          gog_decl ::= GOG_KW NAME * OPEN_BRACE gog_key_statements extra_statement transform_list_statement gog_expiration_statement gog_goptree_statement show_times_statement CLOSE_BRACE SEMICOLON

                    OPEN_BRACE shift        9      

State 111:
          gog_decl ::= GOG_KW * NAME OPEN_BRACE gog_key_statements extra_statement transform_list_statement gog_expiration_statement gog_goptree_statement show_times_statement CLOSE_BRACE SEMICOLON

                          NAME shift        110    

State 112:
          gop_start_statement ::= START_KW avpl * SEMICOLON

                     SEMICOLON shift-reduce 57     gop_start_statement ::= START_KW avpl SEMICOLON

State 113:
          gop_stop_statement ::= STOP_KW avpl * SEMICOLON

                     SEMICOLON shift-reduce 59     gop_stop_statement ::= STOP_KW avpl SEMICOLON

State 114:
          extra_statement ::= EXTRA_KW avpl * SEMICOLON

                     SEMICOLON shift-reduce 92     extra_statement ::= EXTRA_KW avpl SEMICOLON

State 115:
          gop_expiration_statement ::= EXPIRATION_KW time_value * SEMICOLON

                     SEMICOLON shift-reduce 65     gop_expiration_statement ::= EXPIRATION_KW time_value SEMICOLON

State 116:
          idle_timeout_statement ::= IDLE_TIMEOUT_KW time_value * SEMICOLON

                     SEMICOLON shift-reduce 67     idle_timeout_statement ::= IDLE_TIMEOUT_KW time_value SEMICOLON

State 117:
          lifetime_statement ::= LIFETIME_KW time_value * SEMICOLON

                     SEMICOLON shift-reduce 69     lifetime_statement ::= LIFETIME_KW time_value SEMICOLON

State 118:
          gop_drop_unassigned_statement ::= DROP_UNASSIGNED_KW true_false * SEMICOLON

                     SEMICOLON shift-reduce 55     gop_drop_unassigned_statement ::= DROP_UNASSIGNED_KW true_false SEMICOLON

State 119:
          show_goptree_statement ::= SHOW_TREE_KW gop_tree_mode * SEMICOLON

                     SEMICOLON shift-reduce 61     show_goptree_statement ::= SHOW_TREE_KW gop_tree_mode SEMICOLON

State 120:
          show_times_statement ::= SHOW_TIMES_KW true_false * SEMICOLON

                     SEMICOLON shift-reduce 63     show_times_statement ::= SHOW_TIMES_KW true_false SEMICOLON

State 121:
          gop_decl ::= GOP_KW NAME ON_KW pdu_name MATCH_KW avpl OPEN_BRACE gop_start_statement gop_stop_statement extra_statement transform_list_statement gop_expiration_statement idle_timeout_statement lifetime_statement gop_drop_unassigned_statement show_goptree_statement show_times_statement CLOSE_BRACE * SEMICOLON

                     SEMICOLON shift-reduce 54     gop_decl ::= GOP_KW NAME ON_KW pdu_name MATCH_KW avpl OPEN_BRACE gop_start_statement gop_stop_statement extra_statement transform_list_statement gop_expiration_statement idle_timeout_statement lifetime_statement gop_drop_unassigned_statement show_goptree_statement show_times_statement CLOSE_BRACE SEMICOLON

State 122:
          gop_decl ::= GOP_KW NAME ON_KW pdu_name MATCH_KW avpl OPEN_BRACE gop_start_statement gop_stop_statement extra_statement transform_list_statement gop_expiration_statement idle_timeout_statement lifetime_statement gop_drop_unassigned_statement show_goptree_statement show_times_statement * CLOSE_BRACE SEMICOLON

                   CLOSE_BRACE shift        121    

State 123:
          gop_decl ::= GOP_KW NAME ON_KW pdu_name MATCH_KW avpl * OPEN_BRACE gop_start_statement gop_stop_statement extra_statement transform_list_statement gop_expiration_statement idle_timeout_statement lifetime_statement gop_drop_unassigned_statement show_goptree_statement show_times_statement CLOSE_BRACE SEMICOLON

                    OPEN_BRACE shift        60     

State 124:
          gop_decl ::= GOP_KW NAME ON_KW pdu_name * MATCH_KW avpl OPEN_BRACE gop_start_statement gop_stop_statement extra_statement transform_list_statement gop_expiration_statement idle_timeout_statement lifetime_statement gop_drop_unassigned_statement show_goptree_statement show_times_statement CLOSE_BRACE SEMICOLON

                      MATCH_KW shift        61     

State 125:
          gop_decl ::= GOP_KW NAME * ON_KW pdu_name MATCH_KW avpl OPEN_BRACE gop_start_statement gop_stop_statement extra_statement transform_list_statement gop_expiration_statement idle_timeout_statement lifetime_statement gop_drop_unassigned_statement show_goptree_statement show_times_statement CLOSE_BRACE SEMICOLON

                         ON_KW shift        62     

State 126:
          gop_decl ::= GOP_KW * NAME ON_KW pdu_name MATCH_KW avpl OPEN_BRACE gop_start_statement gop_stop_statement extra_statement transform_list_statement gop_expiration_statement idle_timeout_statement lifetime_statement gop_drop_unassigned_statement show_goptree_statement show_times_statement CLOSE_BRACE SEMICOLON

                          NAME shift        125    

State 127:
          extraction_statement ::= EXTRACT_KW NAME FROM_KW field * SEMICOLON

                     SEMICOLON shift-reduce 44     extraction_statement ::= EXTRACT_KW NAME FROM_KW field SEMICOLON

State 128:
          extraction_statement ::= EXTRACT_KW NAME * FROM_KW field SEMICOLON

                       FROM_KW shift        65     

State 129:
          extraction_statement ::= EXTRACT_KW * NAME FROM_KW field SEMICOLON

                          NAME shift        128    

State 130:
          criteria_statement ::= CRITERIA_KW accept_mode match_mode avpl * SEMICOLON

                     SEMICOLON shift-reduce 38     criteria_statement ::= CRITERIA_KW accept_mode match_mode avpl SEMICOLON

State 131:
          pdu_drop_unassigned_statement ::= DROP_UNASSIGNED_KW true_false * SEMICOLON

                     SEMICOLON shift-reduce 45     pdu_drop_unassigned_statement ::= DROP_UNASSIGNED_KW true_false SEMICOLON

State 132:
          discard_pdu_data_statement ::= DISCARD_PDU_DATA_KW true_false * SEMICOLON

                     SEMICOLON shift-reduce 47     discard_pdu_data_statement ::= DISCARD_PDU_DATA_KW true_false SEMICOLON

State 133:
          last_extracted_statement ::= LAST_PDU_KW true_false * SEMICOLON

                     SEMICOLON shift-reduce 49     last_extracted_statement ::= LAST_PDU_KW true_false SEMICOLON

State 134:
          pdu_decl ::= PDU_KW NAME PROTO_KW field TRANSPORT_KW proto_stack OPEN_BRACE payload_statement extraction_statements transform_list_statement criteria_statement pdu_drop_unassigned_statement discard_pdu_data_statement last_extracted_statement CLOSE_BRACE * SEMICOLON

                     SEMICOLON shift-reduce 34     pdu_decl ::= PDU_KW NAME PROTO_KW field TRANSPORT_KW proto_stack OPEN_BRACE payload_statement extraction_statements transform_list_statement criteria_statement pdu_drop_unassigned_statement discard_pdu_data_statement last_extracted_statement CLOSE_BRACE SEMICOLON

State 135:
          pdu_decl ::= PDU_KW NAME PROTO_KW field TRANSPORT_KW proto_stack OPEN_BRACE payload_statement extraction_statements transform_list_statement criteria_statement pdu_drop_unassigned_statement discard_pdu_data_statement last_extracted_statement * CLOSE_BRACE SEMICOLON

                   CLOSE_BRACE shift        134    

State 136:
          pdu_decl ::= PDU_KW NAME PROTO_KW field * TRANSPORT_KW proto_stack OPEN_BRACE payload_statement extraction_statements transform_list_statement criteria_statement pdu_drop_unassigned_statement discard_pdu_data_statement last_extracted_statement CLOSE_BRACE SEMICOLON

                  TRANSPORT_KW shift        13     

State 137:
          pdu_decl ::= PDU_KW NAME * PROTO_KW field TRANSPORT_KW proto_stack OPEN_BRACE payload_statement extraction_statements transform_list_statement criteria_statement pdu_drop_unassigned_statement discard_pdu_data_statement last_extracted_statement CLOSE_BRACE SEMICOLON

                      PROTO_KW shift        72     

State 138:
          pdu_decl ::= PDU_KW * NAME PROTO_KW field TRANSPORT_KW proto_stack OPEN_BRACE payload_statement extraction_statements transform_list_statement criteria_statement pdu_drop_unassigned_statement discard_pdu_data_statement last_extracted_statement CLOSE_BRACE SEMICOLON

                          NAME shift        137    

State 139:
          transform_statement ::= transform_match transform_action * SEMICOLON

                     SEMICOLON shift-reduce 22     transform_statement ::= transform_match transform_action SEMICOLON

State 140:
          transform_decl ::= TRANSFORM_KW NAME transform_body * SEMICOLON

                     SEMICOLON shift-reduce 18     transform_decl ::= TRANSFORM_KW NAME transform_body SEMICOLON

State 141:
          transform_decl ::= TRANSFORM_KW * NAME transform_body SEMICOLON

                          NAME shift        76     

State 142:
          pdu_last_extracted_default ::= LAST_EXTRACTED_KW true_false * SEMICOLON

                     SEMICOLON shift-reduce 6      pdu_last_extracted_default ::= LAST_EXTRACTED_KW true_false SEMICOLON

State 143:
          pdu_drop_unassigned_default ::= DROP_UNASSIGNED_KW true_false * SEMICOLON

                     SEMICOLON shift-reduce 7      pdu_drop_unassigned_default ::= DROP_UNASSIGNED_KW true_false SEMICOLON

State 144:
          pdu_discard_default ::= DISCARD_PDU_DATA_KW true_false * SEMICOLON

                     SEMICOLON shift-reduce 8      pdu_discard_default ::= DISCARD_PDU_DATA_KW true_false SEMICOLON

State 145:
          pdu_defaults ::= PDU_KW OPEN_BRACE pdu_last_extracted_default pdu_drop_unassigned_default pdu_discard_default CLOSE_BRACE * SEMICOLON

                     SEMICOLON shift-reduce 131    pdu_defaults ::= PDU_KW OPEN_BRACE pdu_last_extracted_default pdu_drop_unassigned_default pdu_discard_default CLOSE_BRACE SEMICOLON

State 146:
          pdu_defaults ::= PDU_KW OPEN_BRACE pdu_last_extracted_default pdu_drop_unassigned_default pdu_discard_default * CLOSE_BRACE SEMICOLON

                   CLOSE_BRACE shift        145    

State 147:
          pdu_defaults ::= PDU_KW * OPEN_BRACE pdu_last_extracted_default pdu_drop_unassigned_default pdu_discard_default CLOSE_BRACE SEMICOLON

                    OPEN_BRACE shift        79     

State 148:
          gop_expiration_default ::= EXPIRATION_KW time_value * SEMICOLON

                     SEMICOLON shift-reduce 9      gop_expiration_default ::= EXPIRATION_KW time_value SEMICOLON

State 149:
          gop_idle_timeout_default ::= IDLE_TIMEOUT_KW time_value * SEMICOLON

                     SEMICOLON shift-reduce 10     gop_idle_timeout_default ::= IDLE_TIMEOUT_KW time_value SEMICOLON

State 150:
          gop_lifetime_default ::= LIFETIME_KW time_value * SEMICOLON

                     SEMICOLON shift-reduce 11     gop_lifetime_default ::= LIFETIME_KW time_value SEMICOLON

State 151:
          gop_drop_unassigned_default ::= DROP_UNASSIGNED_KW true_false * SEMICOLON

                     SEMICOLON shift-reduce 12     gop_drop_unassigned_default ::= DROP_UNASSIGNED_KW true_false SEMICOLON

State 152:
          gop_show_times_default ::= SHOW_TIMES_KW true_false * SEMICOLON

                     SEMICOLON shift-reduce 14     gop_show_times_default ::= SHOW_TIMES_KW true_false SEMICOLON

State 153:
          gop_defaults ::= GOP_KW OPEN_BRACE gop_expiration_default gop_idle_timeout_default gop_lifetime_default gop_drop_unassigned_default gop_tree_mode_default gop_show_times_default CLOSE_BRACE * SEMICOLON

                     SEMICOLON shift-reduce 136    gop_defaults ::= GOP_KW OPEN_BRACE gop_expiration_default gop_idle_timeout_default gop_lifetime_default gop_drop_unassigned_default gop_tree_mode_default gop_show_times_default CLOSE_BRACE SEMICOLON

State 154:
          gop_defaults ::= GOP_KW OPEN_BRACE gop_expiration_default gop_idle_timeout_default gop_lifetime_default gop_drop_unassigned_default gop_tree_mode_default gop_show_times_default * CLOSE_BRACE SEMICOLON

                   CLOSE_BRACE shift        153    

State 155:
          gop_defaults ::= GOP_KW * OPEN_BRACE gop_expiration_default gop_idle_timeout_default gop_lifetime_default gop_drop_unassigned_default gop_tree_mode_default gop_show_times_default CLOSE_BRACE SEMICOLON

                    OPEN_BRACE shift        85     

State 156:
          gog_expiration_default ::= EXPIRATION_KW time_value * SEMICOLON

                     SEMICOLON shift-reduce 15     gog_expiration_default ::= EXPIRATION_KW time_value SEMICOLON

State 157:
          gog_goptree_default ::= GOP_TREE_KW gop_tree_type * SEMICOLON

                     SEMICOLON shift-reduce 16     gog_goptree_default ::= GOP_TREE_KW gop_tree_type SEMICOLON

State 158:
          gog_show_times_default ::= SHOW_TIMES_KW true_false * SEMICOLON

                     SEMICOLON shift-reduce 17     gog_show_times_default ::= SHOW_TIMES_KW true_false SEMICOLON

State 159:
          gog_defaults ::= GOG_KW OPEN_BRACE gog_expiration_default gop_tree_mode_default gog_goptree_default gog_show_times_default CLOSE_BRACE * SEMICOLON

                     SEMICOLON shift-reduce 144    gog_defaults ::= GOG_KW OPEN_BRACE gog_expiration_default gop_tree_mode_default gog_goptree_default gog_show_times_default CLOSE_BRACE SEMICOLON

State 160:
          gog_defaults ::= GOG_KW OPEN_BRACE gog_expiration_default gop_tree_mode_default gog_goptree_default gog_show_times_default * CLOSE_BRACE SEMICOLON

                   CLOSE_BRACE shift        159    

State 161:
          gop_tree_mode_default ::= SHOW_TREE_KW gop_tree_mode * SEMICOLON

                     SEMICOLON shift-reduce 13     gop_tree_mode_default ::= SHOW_TREE_KW gop_tree_mode SEMICOLON

State 162:
          gog_defaults ::= GOG_KW * OPEN_BRACE gog_expiration_default gop_tree_mode_default gog_goptree_default gog_show_times_default CLOSE_BRACE SEMICOLON

                    OPEN_BRACE shift        89     

State 163:
          defaults_decl ::= DEFAULT_KW OPEN_BRACE pdu_defaults gop_defaults gog_defaults CLOSE_BRACE * SEMICOLON

                     SEMICOLON shift-reduce 130    defaults_decl ::= DEFAULT_KW OPEN_BRACE pdu_defaults gop_defaults gog_defaults CLOSE_BRACE SEMICOLON

State 164:
          defaults_decl ::= DEFAULT_KW OPEN_BRACE pdu_defaults gop_defaults gog_defaults * CLOSE_BRACE SEMICOLON

                   CLOSE_BRACE shift        163    

State 165:
          defaults_decl ::= DEFAULT_KW * OPEN_BRACE pdu_defaults gop_defaults gog_defaults CLOSE_BRACE SEMICOLON

                    OPEN_BRACE shift        92     

State 166:
          dbgfile_default ::= FILENAME_KW NAME * SEMICOLON

                     SEMICOLON shift-reduce 1      dbgfile_default ::= FILENAME_KW NAME SEMICOLON

State 167:
          dbgfile_default ::= FILENAME_KW QUOTED * SEMICOLON

                     SEMICOLON shift-reduce 0      dbgfile_default ::= FILENAME_KW QUOTED SEMICOLON

State 168:
          dbglevel_default ::= LEVEL_KW INTEGER * SEMICOLON

                     SEMICOLON shift-reduce 2      dbglevel_default ::= LEVEL_KW INTEGER SEMICOLON

State 169:
          dbglevel_default ::= LEVEL_KW * INTEGER SEMICOLON

                       INTEGER shift        168    

State 170:
          pdu_dbglevel_default ::= PDU_KW LEVEL_KW INTEGER * SEMICOLON

                     SEMICOLON shift-reduce 3      pdu_dbglevel_default ::= PDU_KW LEVEL_KW INTEGER SEMICOLON

State 171:
          pdu_dbglevel_default ::= PDU_KW LEVEL_KW * INTEGER SEMICOLON

                       INTEGER shift        170    

State 172:
          pdu_dbglevel_default ::= PDU_KW * LEVEL_KW INTEGER SEMICOLON

                      LEVEL_KW shift        171    

State 173:
          gop_dbglevel_default ::= GOP_KW LEVEL_KW INTEGER * SEMICOLON

                     SEMICOLON shift-reduce 4      gop_dbglevel_default ::= GOP_KW LEVEL_KW INTEGER SEMICOLON

State 174:
          gop_dbglevel_default ::= GOP_KW LEVEL_KW * INTEGER SEMICOLON

                       INTEGER shift        173    

State 175:
          gop_dbglevel_default ::= GOP_KW * LEVEL_KW INTEGER SEMICOLON

                      LEVEL_KW shift        174    

State 176:
          gog_dbglevel_default ::= GOG_KW LEVEL_KW INTEGER * SEMICOLON

                     SEMICOLON shift-reduce 5      gog_dbglevel_default ::= GOG_KW LEVEL_KW INTEGER SEMICOLON

State 177:
          gog_dbglevel_default ::= GOG_KW LEVEL_KW * INTEGER SEMICOLON

                       INTEGER shift        176    

State 178:
          gog_dbglevel_default ::= GOG_KW * LEVEL_KW INTEGER SEMICOLON

                      LEVEL_KW shift        177    

State 179:
          debug_decl ::= DEBUG_KW OPEN_BRACE dbgfile_default dbglevel_default pdu_dbglevel_default gop_dbglevel_default gog_dbglevel_default CLOSE_BRACE * SEMICOLON

                     SEMICOLON shift-reduce 124    debug_decl ::= DEBUG_KW OPEN_BRACE dbgfile_default dbglevel_default pdu_dbglevel_default gop_dbglevel_default gog_dbglevel_default CLOSE_BRACE SEMICOLON

State 180:
          debug_decl ::= DEBUG_KW OPEN_BRACE dbgfile_default dbglevel_default pdu_dbglevel_default gop_dbglevel_default gog_dbglevel_default * CLOSE_BRACE SEMICOLON

                   CLOSE_BRACE shift        179    

State 181:
          debug_decl ::= DEBUG_KW * OPEN_BRACE dbgfile_default dbglevel_default pdu_dbglevel_default gop_dbglevel_default gog_dbglevel_default CLOSE_BRACE SEMICOLON

                    OPEN_BRACE shift        97     

State 182:
          decl ::= DONE_KW * SEMICOLON

                     SEMICOLON shift-reduce 123    decl ::= DONE_KW SEMICOLON

----------------------------------------------------
Symbols:
The first-set of non-terminals is shown after the name.

    0: $:
    1: DONE_KW
    2: SEMICOLON
    3: DEBUG_KW
    4: OPEN_BRACE
    5: CLOSE_BRACE
    6: FILENAME_KW
    7: QUOTED
    8: NAME
    9: LEVEL_KW
   10: INTEGER
   11: PDU_KW
   12: GOP_KW
   13: GOG_KW
   14: DEFAULT_KW
   15: LAST_EXTRACTED_KW
   16: DROP_UNASSIGNED_KW
   17: DISCARD_PDU_DATA_KW
   18: EXPIRATION_KW
   19: IDLE_TIMEOUT_KW
   20: LIFETIME_KW
   21: SHOW_TREE_KW
   22: SHOW_TIMES_KW
   23: GOP_TREE_KW
   24: TRANSFORM_KW
   25: MATCH_KW
   26: STRICT_KW
   27: EVERY_KW
   28: LOOSE_KW
   29: REPLACE_KW
   30: INSERT_KW
   31: PROTO_KW
   32: TRANSPORT_KW
   33: PAYLOAD_KW
   34: CRITERIA_KW
   35: ACCEPT_KW
   36: REJECT_KW
   37: EXTRACT_KW
   38: FROM_KW
   39: LAST_PDU_KW
   40: SLASH
   41: ON_KW
   42: START_KW
   43: STOP_KW
   44: NO_TREE_KW
   45: PDU_TREE_KW
   46: FRAME_TREE_KW
   47: BASIC_TREE_KW
   48: TRUE_KW
   49: FALSE_KW
   50: FLOATING
   51: NULL_TREE_KW
   52: FULL_TREE_KW
   53: MEMBER_KW
   54: EXTRA_KW
   55: COMMA
   56: OPEN_PARENS
   57: CLOSE_PARENS
   58: AVP_OPERATOR
   59: PIPE
   60: DOTED_IP
   61: COLONIZED
   62: transform_decl: TRANSFORM_KW
   63: transform_body: OPEN_BRACE
   64: transform_statements: SEMICOLON MATCH_KW REPLACE_KW INSERT_KW OPEN_PARENS
   65: transform_statement: SEMICOLON MATCH_KW REPLACE_KW INSERT_KW OPEN_PARENS
   66: transform_match: <lambda> MATCH_KW
   67: transform_action: <lambda> REPLACE_KW INSERT_KW OPEN_PARENS
   68: match_mode: <lambda> STRICT_KW EVERY_KW LOOSE_KW
   69: action_mode: <lambda> REPLACE_KW INSERT_KW
   70: gop_name: NAME
   71: time_value: INTEGER FLOATING
   72: pdu_name: NAME
   73: gop_tree_mode: NO_TREE_KW PDU_TREE_KW FRAME_TREE_KW BASIC_TREE_KW
   74: true_false: TRUE_KW FALSE_KW
   75: criteria_statement: <lambda> CRITERIA_KW
   76: accept_mode: <lambda> ACCEPT_KW REJECT_KW
   77: pdu_drop_unassigned_statement: <lambda> DROP_UNASSIGNED_KW
   78: discard_pdu_data_statement: <lambda> DISCARD_PDU_DATA_KW
   79: last_extracted_statement: <lambda> LAST_PDU_KW
   80: extraction_statement: EXTRACT_KW
   81: extraction_statements: EXTRACT_KW
   82: gop_options:
   83: gop_start_statement: <lambda> START_KW
   84: gop_stop_statement: <lambda> STOP_KW
   85: extra_statement: <lambda> EXTRA_KW
   86: gop_drop_unassigned_statement: <lambda> DROP_UNASSIGNED_KW
   87: show_goptree_statement: <lambda> SHOW_TREE_KW
   88: show_times_statement: <lambda> SHOW_TIMES_KW
   89: gop_expiration_statement: <lambda> EXPIRATION_KW
   90: idle_timeout_statement: <lambda> IDLE_TIMEOUT_KW
   91: lifetime_statement: <lambda> LIFETIME_KW
   92: gog_statements:
   93: gog_expiration_statement: <lambda> EXPIRATION_KW
   94: gog_goptree_statement: <lambda> GOP_TREE_KW
   95: gog_key_statements: MEMBER_KW
   96: gog_key_statement: MEMBER_KW
   97: transform_list_statement: <lambda> TRANSFORM_KW
   98: transform: NAME
   99: gop_tree_type: BASIC_TREE_KW NULL_TREE_KW FULL_TREE_KW
  100: payload_statement: <lambda> PAYLOAD_KW
  101: proto_stack: NAME
  102: field: NAME
  103: transform_list: NAME
  104: avpl: OPEN_PARENS
  105: avps: NAME
  106: avp: NAME
  107: value: QUOTED NAME INTEGER FLOATING DOTED_IP COLONIZED
  108: avp_oneoff: QUOTED NAME INTEGER FLOATING DOTED_IP COLONIZED
  109: mate_config: <lambda> DONE_KW DEBUG_KW PDU_KW GOP_KW GOG_KW DEFAULT_KW TRANSFORM_KW
  110: decls: <lambda> DONE_KW DEBUG_KW PDU_KW GOP_KW GOG_KW DEFAULT_KW TRANSFORM_KW
  111: decl: DONE_KW DEBUG_KW PDU_KW GOP_KW GOG_KW DEFAULT_KW TRANSFORM_KW
  112: pdu_decl: PDU_KW
  113: gop_decl: GOP_KW
  114: gog_decl: GOG_KW
  115: defaults_decl: DEFAULT_KW
  116: debug_decl: DEBUG_KW
  117: dbgfile_default: <lambda> FILENAME_KW
  118: dbglevel_default: <lambda> LEVEL_KW
  119: pdu_dbglevel_default: <lambda> PDU_KW
  120: gop_dbglevel_default: <lambda> GOP_KW
  121: gog_dbglevel_default: <lambda> GOG_KW
  122: pdu_defaults: <lambda> PDU_KW
  123: gop_defaults: <lambda> GOP_KW
  124: gog_defaults: <lambda> GOG_KW
  125: pdu_last_extracted_default: <lambda> LAST_EXTRACTED_KW
  126: pdu_drop_unassigned_default: <lambda> DROP_UNASSIGNED_KW
  127: pdu_discard_default: <lambda> DISCARD_PDU_DATA_KW
  128: gop_expiration_default: <lambda> EXPIRATION_KW
  129: gop_idle_timeout_default: <lambda> IDLE_TIMEOUT_KW
  130: gop_lifetime_default: <lambda> LIFETIME_KW
  131: gop_drop_unassigned_default: <lambda> DROP_UNASSIGNED_KW
  132: gop_tree_mode_default: <lambda> SHOW_TREE_KW
  133: gop_show_times_default: <lambda> SHOW_TIMES_KW
  134: gog_expiration_default: <lambda> EXPIRATION_KW
  135: gog_goptree_default: <lambda> GOP_TREE_KW
  136: gog_show_times_default: <lambda> SHOW_TIMES_KW
----------------------------------------------------
Syntax-only Symbols:
The following symbols never carry semantic content.

$ DONE_KW SEMICOLON DEBUG_KW OPEN_BRACE CLOSE_BRACE FILENAME_KW LEVEL_KW
PDU_KW GOP_KW GOG_KW DEFAULT_KW LAST_EXTRACTED_KW DROP_UNASSIGNED_KW
DISCARD_PDU_DATA_KW EXPIRATION_KW IDLE_TIMEOUT_KW LIFETIME_KW SHOW_TREE_KW
SHOW_TIMES_KW GOP_TREE_KW TRANSFORM_KW MATCH_KW STRICT_KW EVERY_KW LOOSE_KW
REPLACE_KW INSERT_KW PROTO_KW TRANSPORT_KW PAYLOAD_KW CRITERIA_KW ACCEPT_KW
REJECT_KW EXTRACT_KW FROM_KW LAST_PDU_KW SLASH ON_KW START_KW STOP_KW
NO_TREE_KW PDU_TREE_KW FRAME_TREE_KW BASIC_TREE_KW TRUE_KW FALSE_KW
NULL_TREE_KW FULL_TREE_KW MEMBER_KW EXTRA_KW COMMA OPEN_PARENS CLOSE_PARENS
PIPE transform_decl gop_options gog_statements mate_config decls decl
pdu_decl gop_decl gog_decl defaults_decl debug_decl dbgfile_default
dbglevel_default pdu_dbglevel_default gop_dbglevel_default
gog_dbglevel_default pdu_defaults gop_defaults gog_defaults
pdu_last_extracted_default pdu_drop_unassigned_default pdu_discard_default
gop_expiration_default gop_idle_timeout_default gop_lifetime_default
gop_drop_unassigned_default gop_tree_mode_default gop_show_times_default
gog_expiration_default gog_goptree_default gog_show_times_default
----------------------------------------------------
Rules:
   0: dbgfile_default ::= FILENAME_KW QUOTED SEMICOLON.
   1: dbgfile_default ::= FILENAME_KW NAME SEMICOLON.
   2: dbglevel_default ::= LEVEL_KW INTEGER SEMICOLON.
   3: pdu_dbglevel_default ::= PDU_KW LEVEL_KW INTEGER SEMICOLON.
   4: gop_dbglevel_default ::= GOP_KW LEVEL_KW INTEGER SEMICOLON.
   5: gog_dbglevel_default ::= GOG_KW LEVEL_KW INTEGER SEMICOLON.
   6: pdu_last_extracted_default ::= LAST_EXTRACTED_KW true_false SEMICOLON.
   7: pdu_drop_unassigned_default ::= DROP_UNASSIGNED_KW true_false SEMICOLON.
   8: pdu_discard_default ::= DISCARD_PDU_DATA_KW true_false SEMICOLON.
   9: gop_expiration_default ::= EXPIRATION_KW time_value SEMICOLON.
  10: gop_idle_timeout_default ::= IDLE_TIMEOUT_KW time_value SEMICOLON.
  11: gop_lifetime_default ::= LIFETIME_KW time_value SEMICOLON.
  12: gop_drop_unassigned_default ::= DROP_UNASSIGNED_KW true_false SEMICOLON.
  13: gop_tree_mode_default ::= SHOW_TREE_KW gop_tree_mode SEMICOLON.
  14: gop_show_times_default ::= SHOW_TIMES_KW true_false SEMICOLON.
  15: gog_expiration_default ::= EXPIRATION_KW time_value SEMICOLON.
  16: gog_goptree_default ::= GOP_TREE_KW gop_tree_type SEMICOLON.
  17: gog_show_times_default ::= SHOW_TIMES_KW true_false SEMICOLON.
  18: transform_decl ::= TRANSFORM_KW NAME transform_body SEMICOLON.
  19: transform_body ::= OPEN_BRACE transform_statements CLOSE_BRACE.
  20: transform_statements ::= transform_statements transform_statement.
  21: transform_statements ::= transform_statement.
  22: transform_statement ::= transform_match transform_action SEMICOLON.
  23: transform_match ::= MATCH_KW match_mode avpl.
  24: transform_match ::=.
  25: transform_action ::=.
  26: transform_action ::= action_mode avpl.
  27: match_mode ::=.
  28: match_mode ::= STRICT_KW.
  29: match_mode ::= EVERY_KW.
  30: match_mode ::= LOOSE_KW.
  31: action_mode ::= REPLACE_KW.
  32: action_mode ::= INSERT_KW.
  33: action_mode ::=.
  34: pdu_decl ::= PDU_KW NAME PROTO_KW field TRANSPORT_KW proto_stack OPEN_BRACE payload_statement extraction_statements transform_list_statement criteria_statement pdu_drop_unassigned_statement discard_pdu_data_statement last_extracted_statement CLOSE_BRACE SEMICOLON.
  35: payload_statement ::=.
  36: payload_statement ::= PAYLOAD_KW proto_stack SEMICOLON.
  37: criteria_statement ::=.
  38: criteria_statement ::= CRITERIA_KW accept_mode match_mode avpl SEMICOLON.
  39: accept_mode ::=.
  40: accept_mode ::= ACCEPT_KW.
  41: accept_mode ::= REJECT_KW.
  42: extraction_statements ::= extraction_statements extraction_statement.
  43: extraction_statements ::= extraction_statement.
  44: extraction_statement ::= EXTRACT_KW NAME FROM_KW field SEMICOLON.
  45: pdu_drop_unassigned_statement ::= DROP_UNASSIGNED_KW true_false SEMICOLON.
  46: pdu_drop_unassigned_statement ::=.
  47: discard_pdu_data_statement ::= DISCARD_PDU_DATA_KW true_false SEMICOLON.
  48: discard_pdu_data_statement ::=.
  49: last_extracted_statement ::= LAST_PDU_KW true_false SEMICOLON.
  50: last_extracted_statement ::=.
  51: proto_stack ::= proto_stack SLASH field.
  52: proto_stack ::= field.
  53: field ::= NAME.
  54: gop_decl ::= GOP_KW NAME ON_KW pdu_name MATCH_KW avpl OPEN_BRACE gop_start_statement gop_stop_statement extra_statement transform_list_statement gop_expiration_statement idle_timeout_statement lifetime_statement gop_drop_unassigned_statement show_goptree_statement show_times_statement CLOSE_BRACE SEMICOLON.
  55: gop_drop_unassigned_statement ::= DROP_UNASSIGNED_KW true_false SEMICOLON.
  56: gop_drop_unassigned_statement ::=.
  57: gop_start_statement ::= START_KW avpl SEMICOLON.
  58: gop_start_statement ::=.
  59: gop_stop_statement ::= STOP_KW avpl SEMICOLON.
  60: gop_stop_statement ::=.
  61: show_goptree_statement ::= SHOW_TREE_KW gop_tree_mode SEMICOLON.
  62: show_goptree_statement ::=.
  63: show_times_statement ::= SHOW_TIMES_KW true_false SEMICOLON.
  64: show_times_statement ::=.
  65: gop_expiration_statement ::= EXPIRATION_KW time_value SEMICOLON.
  66: gop_expiration_statement ::=.
  67: idle_timeout_statement ::= IDLE_TIMEOUT_KW time_value SEMICOLON.
  68: idle_timeout_statement ::=.
  69: lifetime_statement ::= LIFETIME_KW time_value SEMICOLON.
  70: lifetime_statement ::=.
  71: gop_tree_mode ::= NO_TREE_KW.
  72: gop_tree_mode ::= PDU_TREE_KW.
  73: gop_tree_mode ::= FRAME_TREE_KW.
  74: gop_tree_mode ::= BASIC_TREE_KW.
  75: true_false ::= TRUE_KW.
  76: true_false ::= FALSE_KW.
  77: pdu_name ::= NAME.
  78: time_value ::= FLOATING.
  79: time_value ::= INTEGER.
  80: gog_decl ::= GOG_KW NAME OPEN_BRACE gog_key_statements extra_statement transform_list_statement gog_expiration_statement gog_goptree_statement show_times_statement CLOSE_BRACE SEMICOLON.
  81: gog_goptree_statement ::= GOP_TREE_KW gop_tree_type SEMICOLON.
  82: gog_goptree_statement ::=.
  83: gog_expiration_statement ::= EXPIRATION_KW time_value SEMICOLON.
  84: gog_expiration_statement ::=.
  85: gop_tree_type ::= NULL_TREE_KW.
  86: gop_tree_type ::= FULL_TREE_KW.
  87: gop_tree_type ::= BASIC_TREE_KW.
  88: gog_key_statements ::= gog_key_statements gog_key_statement.
  89: gog_key_statements ::= gog_key_statement.
  90: gog_key_statement ::= MEMBER_KW gop_name avpl SEMICOLON.
  91: gop_name ::= NAME.
  92: extra_statement ::= EXTRA_KW avpl SEMICOLON.
  93: extra_statement ::=.
  94: transform_list_statement ::= TRANSFORM_KW transform_list SEMICOLON.
  95: transform_list_statement ::=.
  96: transform_list ::= transform_list COMMA transform.
  97: transform_list ::= transform.
  98: transform ::= NAME.
  99: avpl ::= OPEN_PARENS avps CLOSE_PARENS.
 100: avpl ::= OPEN_PARENS CLOSE_PARENS.
 101: avps ::= avps COMMA avp.
 102: avps ::= avp.
 103: avp ::= NAME AVP_OPERATOR value.
 104: avp ::= NAME.
 105: avp ::= NAME OPEN_BRACE avp_oneoff CLOSE_BRACE.
 106: avp_oneoff ::= avp_oneoff PIPE value.
 107: avp_oneoff ::= value.
 108: value ::= QUOTED.
 109: value ::= NAME.
 110: value ::= FLOATING.
 111: value ::= INTEGER.
 112: value ::= DOTED_IP.
 113: value ::= COLONIZED.
 114: mate_config ::= decls.
 115: decls ::= decls decl.
 116: decls ::=.
 117: decl ::= pdu_decl.
 118: decl ::= gop_decl.
 119: decl ::= gog_decl.
 120: decl ::= transform_decl.
 121: decl ::= defaults_decl.
 122: decl ::= debug_decl.
 123: decl ::= DONE_KW SEMICOLON.
 124: debug_decl ::= DEBUG_KW OPEN_BRACE dbgfile_default dbglevel_default pdu_dbglevel_default gop_dbglevel_default gog_dbglevel_default CLOSE_BRACE SEMICOLON.
 125: dbgfile_default ::=.
 126: dbglevel_default ::=.
 127: pdu_dbglevel_default ::=.
 128: gop_dbglevel_default ::=.
 129: gog_dbglevel_default ::=.
 130: defaults_decl ::= DEFAULT_KW OPEN_BRACE pdu_defaults gop_defaults gog_defaults CLOSE_BRACE SEMICOLON.
 131: pdu_defaults ::= PDU_KW OPEN_BRACE pdu_last_extracted_default pdu_drop_unassigned_default pdu_discard_default CLOSE_BRACE SEMICOLON.
 132: pdu_defaults ::=.
 133: pdu_last_extracted_default ::=.
 134: pdu_drop_unassigned_default ::=.
 135: pdu_discard_default ::=.
 136: gop_defaults ::= GOP_KW OPEN_BRACE gop_expiration_default gop_idle_timeout_default gop_lifetime_default gop_drop_unassigned_default gop_tree_mode_default gop_show_times_default CLOSE_BRACE SEMICOLON.
 137: gop_defaults ::=.
 138: gop_expiration_default ::=.
 139: gop_idle_timeout_default ::=.
 140: gop_lifetime_default ::=.
 141: gop_drop_unassigned_default ::=.
 142: gop_tree_mode_default ::=.
 143: gop_show_times_default ::=.
 144: gog_defaults ::= GOG_KW OPEN_BRACE gog_expiration_default gop_tree_mode_default gog_goptree_default gog_show_times_default CLOSE_BRACE SEMICOLON.
 145: gog_defaults ::=.
 146: gog_expiration_default ::=.
 147: gog_goptree_default ::=.
 148: gog_show_times_default ::=.
