State 0:
          sentence ::= * expr
      (1) sentence ::= *
          expr ::= * relation_test
          expr ::= * logical_test
          logical_test ::= * expr TEST_AND expr
          logical_test ::= * expr TEST_OR expr
          logical_test ::= * TEST_NOT expr
          logical_test ::= * entity
          entity ::= * FIELD
          entity ::= * STRING
          entity ::= * CHARCONST
          entity ::= * UNPARSED
          entity ::= * range
          range_body ::= * FIELD
          range_body ::= * STRING
          range_body ::= * range
          range ::= * range_body LBRACKET drnode_list RBRACKET
          relation_test ::= * entity rel_op2 entity
          relation_test ::= * entity rel_op2 relation_test
          relation_test ::= * entity TEST_IN LBRACE setnode_list RBRACE
          entity ::= * FUNCTION LPAREN funcparams RPAREN
          entity ::= * FUNCTION LPAREN RPAREN
          expr ::= * LPAREN expr RPAREN

                             $ reduce       1      sentence ::=
                      TEST_NOT shift        2      
                         FIELD shift        32     
                        STRING shift        31     
                     CHARCONST shift-reduce 10     entity ::= CHARCONST
                      UNPARSED shift-reduce 11     entity ::= UNPARSED
                      FUNCTION shift        23     
                        LPAREN shift        1      
                      sentence accept
                          expr shift        17     
                        entity shift        14     
                 relation_test shift-reduce 2      expr ::= relation_test
                  logical_test shift-reduce 3      expr ::= logical_test
                         range shift        30     
                    range_body shift        29     

State 1:
          expr ::= * relation_test
          expr ::= * logical_test
          logical_test ::= * expr TEST_AND expr
          logical_test ::= * expr TEST_OR expr
          logical_test ::= * TEST_NOT expr
          logical_test ::= * entity
          entity ::= * FIELD
          entity ::= * STRING
          entity ::= * CHARCONST
          entity ::= * UNPARSED
          entity ::= * range
          range_body ::= * FIELD
          range_body ::= * STRING
          range_body ::= * range
          range ::= * range_body LBRACKET drnode_list RBRACKET
          relation_test ::= * entity rel_op2 entity
          relation_test ::= * entity rel_op2 relation_test
          relation_test ::= * entity TEST_IN LBRACE setnode_list RBRACE
          entity ::= * FUNCTION LPAREN funcparams RPAREN
          entity ::= * FUNCTION LPAREN RPAREN
          expr ::= * LPAREN expr RPAREN
          expr ::= LPAREN * expr RPAREN

                      TEST_NOT shift        2      
                         FIELD shift        32     
                        STRING shift        31     
                     CHARCONST shift-reduce 10     entity ::= CHARCONST
                      UNPARSED shift-reduce 11     entity ::= UNPARSED
                      FUNCTION shift        23     
                        LPAREN shift        1      
                          expr shift        16     
                        entity shift        14     
                 relation_test shift-reduce 2      expr ::= relation_test
                  logical_test shift-reduce 3      expr ::= logical_test
                         range shift        30     
                    range_body shift        29     

State 2:
          expr ::= * relation_test
          expr ::= * logical_test
          logical_test ::= * expr TEST_AND expr
          logical_test ::= * expr TEST_OR expr
          logical_test ::= * TEST_NOT expr
          logical_test ::= TEST_NOT * expr
          logical_test ::= * entity
          entity ::= * FIELD
          entity ::= * STRING
          entity ::= * CHARCONST
          entity ::= * UNPARSED
          entity ::= * range
          range_body ::= * FIELD
          range_body ::= * STRING
          range_body ::= * range
          range ::= * range_body LBRACKET drnode_list RBRACKET
          relation_test ::= * entity rel_op2 entity
          relation_test ::= * entity rel_op2 relation_test
          relation_test ::= * entity TEST_IN LBRACE setnode_list RBRACE
          entity ::= * FUNCTION LPAREN funcparams RPAREN
          entity ::= * FUNCTION LPAREN RPAREN
          expr ::= * LPAREN expr RPAREN

                      TEST_NOT shift        2      
                         FIELD shift        32     
                        STRING shift        31     
                     CHARCONST shift-reduce 10     entity ::= CHARCONST
                      UNPARSED shift-reduce 11     entity ::= UNPARSED
                      FUNCTION shift        23     
                        LPAREN shift        1      
                          expr shift-reduce 6      logical_test ::= TEST_NOT expr
                        entity shift        14     
                 relation_test shift-reduce 2      expr ::= relation_test
                  logical_test shift-reduce 3      expr ::= logical_test
                         range shift        30     
                    range_body shift        29     

State 3:
          expr ::= * relation_test
          expr ::= * logical_test
          logical_test ::= * expr TEST_AND expr
          logical_test ::= * expr TEST_OR expr
          logical_test ::= expr TEST_OR * expr
          logical_test ::= * TEST_NOT expr
          logical_test ::= * entity
          entity ::= * FIELD
          entity ::= * STRING
          entity ::= * CHARCONST
          entity ::= * UNPARSED
          entity ::= * range
          range_body ::= * FIELD
          range_body ::= * STRING
          range_body ::= * range
          range ::= * range_body LBRACKET drnode_list RBRACKET
          relation_test ::= * entity rel_op2 entity
          relation_test ::= * entity rel_op2 relation_test
          relation_test ::= * entity TEST_IN LBRACE setnode_list RBRACE
          entity ::= * FUNCTION LPAREN funcparams RPAREN
          entity ::= * FUNCTION LPAREN RPAREN
          expr ::= * LPAREN expr RPAREN

                      TEST_NOT shift        2      
                         FIELD shift        32     
                        STRING shift        31     
                     CHARCONST shift-reduce 10     entity ::= CHARCONST
                      UNPARSED shift-reduce 11     entity ::= UNPARSED
                      FUNCTION shift        23     
                        LPAREN shift        1      
                          expr shift-reduce 5      logical_test ::= expr TEST_OR expr
                        entity shift        14     
                 relation_test shift-reduce 2      expr ::= relation_test
                  logical_test shift-reduce 3      expr ::= logical_test
                         range shift        30     
                    range_body shift        29     

State 4:
          expr ::= * relation_test
          expr ::= * logical_test
          logical_test ::= * expr TEST_AND expr
          logical_test ::= expr TEST_AND * expr
          logical_test ::= * expr TEST_OR expr
          logical_test ::= * TEST_NOT expr
          logical_test ::= * entity
          entity ::= * FIELD
          entity ::= * STRING
          entity ::= * CHARCONST
          entity ::= * UNPARSED
          entity ::= * range
          range_body ::= * FIELD
          range_body ::= * STRING
          range_body ::= * range
          range ::= * range_body LBRACKET drnode_list RBRACKET
          relation_test ::= * entity rel_op2 entity
          relation_test ::= * entity rel_op2 relation_test
          relation_test ::= * entity TEST_IN LBRACE setnode_list RBRACE
          entity ::= * FUNCTION LPAREN funcparams RPAREN
          entity ::= * FUNCTION LPAREN RPAREN
          expr ::= * LPAREN expr RPAREN

                      TEST_NOT shift        2      
                         FIELD shift        32     
                        STRING shift        31     
                     CHARCONST shift-reduce 10     entity ::= CHARCONST
                      UNPARSED shift-reduce 11     entity ::= UNPARSED
                      FUNCTION shift        23     
                        LPAREN shift        1      
                          expr shift        33     
                        entity shift        14     
                 relation_test shift-reduce 2      expr ::= relation_test
                  logical_test shift-reduce 3      expr ::= logical_test
                         range shift        30     
                    range_body shift        29     

State 5:
          entity ::= * FIELD
          entity ::= * STRING
          entity ::= * CHARCONST
          entity ::= * UNPARSED
          entity ::= * range
          range_body ::= * FIELD
          range_body ::= * STRING
          range_body ::= * range
          range ::= * range_body LBRACKET drnode_list RBRACKET
          entity ::= * FUNCTION LPAREN funcparams RPAREN
          entity ::= FUNCTION LPAREN * funcparams RPAREN
          entity ::= * FUNCTION LPAREN RPAREN
          entity ::= FUNCTION LPAREN * RPAREN
          funcparams ::= * entity
          funcparams ::= * funcparams COMMA entity

                         FIELD shift        32     
                        STRING shift        31     
                     CHARCONST shift-reduce 10     entity ::= CHARCONST
                      UNPARSED shift-reduce 11     entity ::= UNPARSED
                      FUNCTION shift        23     
                        RPAREN shift-reduce 41     entity ::= FUNCTION LPAREN RPAREN
                        entity shift-reduce 42     funcparams ::= entity
                         range shift        30     
                    funcparams shift        18     
                    range_body shift        29     

State 6:
          entity ::= * FIELD
          entity ::= * STRING
          entity ::= * CHARCONST
          entity ::= * UNPARSED
          entity ::= * range
          range_body ::= * FIELD
          range_body ::= * STRING
          range_body ::= * range
          range ::= * range_body LBRACKET drnode_list RBRACKET
          relation_test ::= entity TEST_IN LBRACE * setnode_list RBRACE
          setnode_list ::= * entity
          setnode_list ::= * setnode_list WHITESPACE entity
          setnode_list ::= * entity DOTDOT entity
          setnode_list ::= * setnode_list WHITESPACE entity DOTDOT entity
          entity ::= * FUNCTION LPAREN funcparams RPAREN
          entity ::= * FUNCTION LPAREN RPAREN

                         FIELD shift        32     
                        STRING shift        31     
                     CHARCONST shift-reduce 10     entity ::= CHARCONST
                      UNPARSED shift-reduce 11     entity ::= UNPARSED
                      FUNCTION shift        23     
                        entity shift        22     
                         range shift        30     
                  setnode_list shift        19     
                    range_body shift        29     

State 7:
          entity ::= * FIELD
          entity ::= * STRING
          entity ::= * CHARCONST
          entity ::= * UNPARSED
          entity ::= * range
          range_body ::= * FIELD
          range_body ::= * STRING
          range_body ::= * range
          range ::= * range_body LBRACKET drnode_list RBRACKET
          relation_test ::= * entity rel_op2 entity
          relation_test ::= entity rel_op2 * entity
          relation_test ::= * entity rel_op2 relation_test
          relation_test ::= entity rel_op2 * relation_test
          relation_test ::= * entity TEST_IN LBRACE setnode_list RBRACE
          entity ::= * FUNCTION LPAREN funcparams RPAREN
          entity ::= * FUNCTION LPAREN RPAREN

                         FIELD shift        32     
                        STRING shift        31     
                     CHARCONST shift-reduce 10     entity ::= CHARCONST
                      UNPARSED shift-reduce 11     entity ::= UNPARSED
                      FUNCTION shift        23     
                        entity shift        13     
                 relation_test shift-reduce 25     relation_test ::= entity rel_op2 relation_test
                         range shift        30     
                    range_body shift        29     

State 8:
          entity ::= * FIELD
          entity ::= * STRING
          entity ::= * CHARCONST
          entity ::= * UNPARSED
          entity ::= * range
          range_body ::= * FIELD
          range_body ::= * STRING
          range_body ::= * range
          range ::= * range_body LBRACKET drnode_list RBRACKET
          setnode_list ::= entity DOTDOT * entity
          entity ::= * FUNCTION LPAREN funcparams RPAREN
          entity ::= * FUNCTION LPAREN RPAREN

                         FIELD shift        32     
                        STRING shift        31     
                     CHARCONST shift-reduce 10     entity ::= CHARCONST
                      UNPARSED shift-reduce 11     entity ::= UNPARSED
                      FUNCTION shift        23     
                        entity shift-reduce 38     setnode_list ::= entity DOTDOT entity
                         range shift        30     
                    range_body shift        29     

State 9:
          entity ::= * FIELD
          entity ::= * STRING
          entity ::= * CHARCONST
          entity ::= * UNPARSED
          entity ::= * range
          range_body ::= * FIELD
          range_body ::= * STRING
          range_body ::= * range
          range ::= * range_body LBRACKET drnode_list RBRACKET
          entity ::= * FUNCTION LPAREN funcparams RPAREN
          entity ::= * FUNCTION LPAREN RPAREN
          funcparams ::= funcparams COMMA * entity

                         FIELD shift        32     
                        STRING shift        31     
                     CHARCONST shift-reduce 10     entity ::= CHARCONST
                      UNPARSED shift-reduce 11     entity ::= UNPARSED
                      FUNCTION shift        23     
                        entity shift-reduce 43     funcparams ::= funcparams COMMA entity
                         range shift        30     
                    range_body shift        29     

State 10:
          entity ::= * FIELD
          entity ::= * STRING
          entity ::= * CHARCONST
          entity ::= * UNPARSED
          entity ::= * range
          range_body ::= * FIELD
          range_body ::= * STRING
          range_body ::= * range
          range ::= * range_body LBRACKET drnode_list RBRACKET
          setnode_list ::= setnode_list WHITESPACE entity DOTDOT * entity
          entity ::= * FUNCTION LPAREN funcparams RPAREN
          entity ::= * FUNCTION LPAREN RPAREN

                         FIELD shift        32     
                        STRING shift        31     
                     CHARCONST shift-reduce 10     entity ::= CHARCONST
                      UNPARSED shift-reduce 11     entity ::= UNPARSED
                      FUNCTION shift        23     
                        entity shift-reduce 39     setnode_list ::= setnode_list WHITESPACE entity DOTDOT entity
                         range shift        30     
                    range_body shift        29     

State 11:
          entity ::= * FIELD
          entity ::= * STRING
          entity ::= * CHARCONST
          entity ::= * UNPARSED
          entity ::= * range
          range_body ::= * FIELD
          range_body ::= * STRING
          range_body ::= * range
          range ::= * range_body LBRACKET drnode_list RBRACKET
          setnode_list ::= setnode_list WHITESPACE * entity
          setnode_list ::= setnode_list WHITESPACE * entity DOTDOT entity
          entity ::= * FUNCTION LPAREN funcparams RPAREN
          entity ::= * FUNCTION LPAREN RPAREN

                         FIELD shift        32     
                        STRING shift        31     
                     CHARCONST shift-reduce 10     entity ::= CHARCONST
                      UNPARSED shift-reduce 11     entity ::= UNPARSED
                      FUNCTION shift        23     
                        entity shift        24     
                         range shift        30     
                    range_body shift        29     

State 12:
          range ::= range_body LBRACKET * drnode_list RBRACKET
          drnode_list ::= * drnode
          drnode_list ::= * drnode_list COMMA drnode
          drnode ::= * INTEGER COLON INTEGER
          drnode ::= * INTEGER HYPHEN INTEGER
          drnode ::= * COLON INTEGER
          drnode ::= * INTEGER COLON
          drnode ::= * INTEGER

                       INTEGER shift        20     
                         COLON shift        26     
                        drnode shift-reduce 17     drnode_list ::= drnode
                   drnode_list shift        21     

State 13:
          relation_test ::= entity * rel_op2 entity
     (24) relation_test ::= entity rel_op2 entity *
          relation_test ::= entity * rel_op2 relation_test
          rel_op2 ::= * TEST_EQ
          rel_op2 ::= * TEST_NE
          rel_op2 ::= * TEST_GT
          rel_op2 ::= * TEST_GE
          rel_op2 ::= * TEST_LT
          rel_op2 ::= * TEST_LE
          rel_op2 ::= * TEST_BITWISE_AND
          rel_op2 ::= * TEST_CONTAINS
          rel_op2 ::= * TEST_MATCHES
          relation_test ::= entity * TEST_IN LBRACE setnode_list RBRACE

                       TEST_EQ shift-reduce 26     rel_op2 ::= TEST_EQ
                       TEST_NE shift-reduce 27     rel_op2 ::= TEST_NE
                       TEST_LT shift-reduce 30     rel_op2 ::= TEST_LT
                       TEST_LE shift-reduce 31     rel_op2 ::= TEST_LE
                       TEST_GT shift-reduce 28     rel_op2 ::= TEST_GT
                       TEST_GE shift-reduce 29     rel_op2 ::= TEST_GE
                 TEST_CONTAINS shift-reduce 33     rel_op2 ::= TEST_CONTAINS
                  TEST_MATCHES shift-reduce 34     rel_op2 ::= TEST_MATCHES
              TEST_BITWISE_AND shift-reduce 32     rel_op2 ::= TEST_BITWISE_AND
                       TEST_IN shift        25     
                       rel_op2 shift        7      
                     {default} reduce       24     relation_test ::= entity rel_op2 entity

State 14:
      (7) logical_test ::= entity *
          relation_test ::= entity * rel_op2 entity
          relation_test ::= entity * rel_op2 relation_test
          rel_op2 ::= * TEST_EQ
          rel_op2 ::= * TEST_NE
          rel_op2 ::= * TEST_GT
          rel_op2 ::= * TEST_GE
          rel_op2 ::= * TEST_LT
          rel_op2 ::= * TEST_LE
          rel_op2 ::= * TEST_BITWISE_AND
          rel_op2 ::= * TEST_CONTAINS
          rel_op2 ::= * TEST_MATCHES
          relation_test ::= entity * TEST_IN LBRACE setnode_list RBRACE

                       TEST_EQ shift-reduce 26     rel_op2 ::= TEST_EQ
                       TEST_NE shift-reduce 27     rel_op2 ::= TEST_NE
                       TEST_LT shift-reduce 30     rel_op2 ::= TEST_LT
                       TEST_LE shift-reduce 31     rel_op2 ::= TEST_LE
                       TEST_GT shift-reduce 28     rel_op2 ::= TEST_GT
                       TEST_GE shift-reduce 29     rel_op2 ::= TEST_GE
                 TEST_CONTAINS shift-reduce 33     rel_op2 ::= TEST_CONTAINS
                  TEST_MATCHES shift-reduce 34     rel_op2 ::= TEST_MATCHES
              TEST_BITWISE_AND shift-reduce 32     rel_op2 ::= TEST_BITWISE_AND
                       TEST_IN shift        25     
                       rel_op2 shift        7      
                     {default} reduce       7      logical_test ::= entity

State 15:
          drnode_list ::= drnode_list COMMA * drnode
          drnode ::= * INTEGER COLON INTEGER
          drnode ::= * INTEGER HYPHEN INTEGER
          drnode ::= * COLON INTEGER
          drnode ::= * INTEGER COLON
          drnode ::= * INTEGER

                       INTEGER shift        20     
                         COLON shift        26     
                        drnode shift-reduce 18     drnode_list ::= drnode_list COMMA drnode

State 16:
          logical_test ::= expr * TEST_AND expr
          logical_test ::= expr * TEST_OR expr
          expr ::= LPAREN expr * RPAREN

                      TEST_AND shift        4      
                       TEST_OR shift        3      
                        RPAREN shift-reduce 44     expr ::= LPAREN expr RPAREN

State 17:
      (0) sentence ::= expr *
          logical_test ::= expr * TEST_AND expr
          logical_test ::= expr * TEST_OR expr

                             $ reduce       0      sentence ::= expr
                      TEST_AND shift        4      
                       TEST_OR shift        3      

State 18:
          entity ::= FUNCTION LPAREN funcparams * RPAREN
          funcparams ::= funcparams * COMMA entity

                         COMMA shift        9      
                        RPAREN shift-reduce 40     entity ::= FUNCTION LPAREN funcparams RPAREN

State 19:
          relation_test ::= entity TEST_IN LBRACE setnode_list * RBRACE
          setnode_list ::= setnode_list * WHITESPACE entity
          setnode_list ::= setnode_list * WHITESPACE entity DOTDOT entity

                        RBRACE shift-reduce 35     relation_test ::= entity TEST_IN LBRACE setnode_list RBRACE
                    WHITESPACE shift        11     

State 20:
          drnode ::= INTEGER * COLON INTEGER
          drnode ::= INTEGER * HYPHEN INTEGER
          drnode ::= INTEGER * COLON
     (23) drnode ::= INTEGER *

                         COLON shift        28     
                        HYPHEN shift        27     
                     {default} reduce       23     drnode ::= INTEGER

State 21:
          range ::= range_body LBRACKET drnode_list * RBRACKET
          drnode_list ::= drnode_list * COMMA drnode

                      RBRACKET shift-reduce 16     range ::= range_body LBRACKET drnode_list RBRACKET
                         COMMA shift        15     

State 22:
     (36) setnode_list ::= entity *
          setnode_list ::= entity * DOTDOT entity

                        DOTDOT shift        8      
                     {default} reduce       36     setnode_list ::= entity

State 23:
          entity ::= FUNCTION * LPAREN funcparams RPAREN
          entity ::= FUNCTION * LPAREN RPAREN

                        LPAREN shift        5      

State 24:
     (37) setnode_list ::= setnode_list WHITESPACE entity *
          setnode_list ::= setnode_list WHITESPACE entity * DOTDOT entity

                        DOTDOT shift        10     
                     {default} reduce       37     setnode_list ::= setnode_list WHITESPACE entity

State 25:
          relation_test ::= entity TEST_IN * LBRACE setnode_list RBRACE

                        LBRACE shift        6      

State 26:
          drnode ::= COLON * INTEGER

                       INTEGER shift-reduce 21     drnode ::= COLON INTEGER

State 27:
          drnode ::= INTEGER HYPHEN * INTEGER

                       INTEGER shift-reduce 20     drnode ::= INTEGER HYPHEN INTEGER

State 28:
          drnode ::= INTEGER COLON * INTEGER
     (22) drnode ::= INTEGER COLON *

                       INTEGER shift-reduce 19     drnode ::= INTEGER COLON INTEGER
                     {default} reduce       22     drnode ::= INTEGER COLON

State 29:
          range ::= range_body * LBRACKET drnode_list RBRACKET

                      LBRACKET shift        12     

State 30:
     (12) entity ::= range *
     (15) range_body ::= range *

                      LBRACKET reduce       15     range_body ::= range
                     {default} reduce       12     entity ::= range

State 31:
      (9) entity ::= STRING *
     (14) range_body ::= STRING *

                      LBRACKET reduce       14     range_body ::= STRING
                     {default} reduce       9      entity ::= STRING

State 32:
      (8) entity ::= FIELD *
     (13) range_body ::= FIELD *

                      LBRACKET reduce       13     range_body ::= FIELD
                     {default} reduce       8      entity ::= FIELD

State 33:
          logical_test ::= expr * TEST_AND expr
      (4) logical_test ::= expr TEST_AND expr *
          logical_test ::= expr * TEST_OR expr

                       TEST_OR shift        3      
                     {default} reduce       4      logical_test ::= expr TEST_AND expr

----------------------------------------------------
Symbols:
The first-set of non-terminals is shown after the name.

    0: $:
    1: TEST_AND (precedence=1)
    2: TEST_OR (precedence=2)
    3: TEST_EQ (precedence=3)
    4: TEST_NE (precedence=3)
    5: TEST_LT (precedence=3)
    6: TEST_LE (precedence=3)
    7: TEST_GT (precedence=3)
    8: TEST_GE (precedence=3)
    9: TEST_CONTAINS (precedence=3)
   10: TEST_MATCHES (precedence=3)
   11: TEST_BITWISE_AND (precedence=3)
   12: TEST_NOT (precedence=4)
   13: FIELD
   14: STRING
   15: CHARCONST
   16: UNPARSED
   17: LBRACKET
   18: RBRACKET
   19: COMMA
   20: INTEGER
   21: COLON
   22: HYPHEN
   23: TEST_IN
   24: LBRACE
   25: RBRACE
   26: WHITESPACE
   27: DOTDOT
   28: FUNCTION
   29: LPAREN
   30: RPAREN
   31: sentence: <lambda> TEST_NOT FIELD STRING CHARCONST UNPARSED FUNCTION LPAREN
   32: expr: TEST_NOT FIELD STRING CHARCONST UNPARSED FUNCTION LPAREN
   33: entity: FIELD STRING CHARCONST UNPARSED FUNCTION
   34: relation_test: FIELD STRING CHARCONST UNPARSED FUNCTION
   35: logical_test: TEST_NOT FIELD STRING CHARCONST UNPARSED FUNCTION LPAREN
   36: rel_op2: TEST_EQ TEST_NE TEST_LT TEST_LE TEST_GT TEST_GE TEST_CONTAINS TEST_MATCHES TEST_BITWISE_AND
   37: range: FIELD STRING
   38: drnode: INTEGER COLON
   39: drnode_list: INTEGER COLON
   40: funcparams: FIELD STRING CHARCONST UNPARSED FUNCTION
   41: setnode_list: FIELD STRING CHARCONST UNPARSED FUNCTION
   42: range_body: FIELD STRING
----------------------------------------------------
Syntax-only Symbols:
The following symbols never carry semantic content.

$ TEST_AND TEST_OR TEST_EQ TEST_NE TEST_LT TEST_LE TEST_GT TEST_GE
TEST_CONTAINS TEST_MATCHES TEST_BITWISE_AND TEST_NOT LBRACKET RBRACKET COMMA
COLON HYPHEN TEST_IN LBRACE RBRACE WHITESPACE DOTDOT LPAREN RPAREN sentence
----------------------------------------------------
Rules:
   0: sentence ::= expr.
   1: sentence ::=.
   2: expr ::= relation_test.
   3: expr ::= logical_test.
   4: logical_test ::= expr TEST_AND expr. [TEST_AND precedence=1]
   5: logical_test ::= expr TEST_OR expr. [TEST_OR precedence=2]
   6: logical_test ::= TEST_NOT expr. [TEST_NOT precedence=4]
   7: logical_test ::= entity.
   8: entity ::= FIELD.
   9: entity ::= STRING.
  10: entity ::= CHARCONST.
  11: entity ::= UNPARSED.
  12: entity ::= range.
  13: range_body ::= FIELD.
  14: range_body ::= STRING.
  15: range_body ::= range.
  16: range ::= range_body LBRACKET drnode_list RBRACKET.
  17: drnode_list ::= drnode.
  18: drnode_list ::= drnode_list COMMA drnode.
  19: drnode ::= INTEGER COLON INTEGER.
  20: drnode ::= INTEGER HYPHEN INTEGER.
  21: drnode ::= COLON INTEGER.
  22: drnode ::= INTEGER COLON.
  23: drnode ::= INTEGER.
  24: relation_test ::= entity rel_op2 entity.
  25: relation_test ::= entity rel_op2 relation_test.
  26: rel_op2 ::= TEST_EQ. [TEST_EQ precedence=3]
  27: rel_op2 ::= TEST_NE. [TEST_NE precedence=3]
  28: rel_op2 ::= TEST_GT. [TEST_GT precedence=3]
  29: rel_op2 ::= TEST_GE. [TEST_GE precedence=3]
  30: rel_op2 ::= TEST_LT. [TEST_LT precedence=3]
  31: rel_op2 ::= TEST_LE. [TEST_LE precedence=3]
  32: rel_op2 ::= TEST_BITWISE_AND. [TEST_BITWISE_AND precedence=3]
  33: rel_op2 ::= TEST_CONTAINS. [TEST_CONTAINS precedence=3]
  34: rel_op2 ::= TEST_MATCHES. [TEST_MATCHES precedence=3]
  35: relation_test ::= entity TEST_IN LBRACE setnode_list RBRACE.
  36: setnode_list ::= entity.
  37: setnode_list ::= setnode_list WHITESPACE entity.
  38: setnode_list ::= entity DOTDOT entity.
  39: setnode_list ::= setnode_list WHITESPACE entity DOTDOT entity.
  40: entity ::= FUNCTION LPAREN funcparams RPAREN.
  41: entity ::= FUNCTION LPAREN RPAREN.
  42: funcparams ::= entity.
  43: funcparams ::= funcparams COMMA entity.
  44: expr ::= LPAREN expr RPAREN.
